2024-08-13 10:57:18 [main] INFO  c.z.e.ExternalServiceApplication - Starting ExternalServiceApplication using Java 17.0.11 on LIUCM-2 with PID 41508 (E:\chenkuan\烟盒项目\code\JLT\JLT_SpringBoot\JLT\JLT-ExternalService\target\classes started by liucm in E:\chenkuan\烟盒项目\code\JLT\JLT_SpringBoot\JLT)
2024-08-13 10:57:18 [main] DEBUG c.z.e.ExternalServiceApplication - Running with Spring Boot v2.7.12, Spring v5.3.27
2024-08-13 10:57:18 [main] INFO  c.z.e.ExternalServiceApplication - No active profile set, falling back to 1 default profile: "default"
2024-08-13 10:57:18 [main] DEBUG org.apache.ibatis.logging.LogFactory - Logging initialized using 'class org.apache.ibatis.logging.slf4j.Slf4jImpl' adapter.
2024-08-13 10:57:18 [main] DEBUG o.m.s.mapper.ClassPathMapperScanner - Identified candidate component class: file [E:\chenkuan\烟盒项目\code\JLT\JLT_SpringBoot\JLT\JLT-ExternalService\target\classes\com\zsc\externalservice\mapper\CustomerMapper.class]
2024-08-13 10:57:18 [main] DEBUG o.m.s.mapper.ClassPathMapperScanner - Identified candidate component class: file [E:\chenkuan\烟盒项目\code\JLT\JLT_SpringBoot\JLT\JLT-ExternalService\target\classes\com\zsc\externalservice\mapper\PriceTagMapper.class]
2024-08-13 10:57:18 [main] DEBUG o.m.s.mapper.ClassPathMapperScanner - Creating MapperFactoryBean with name 'customerMapper' and 'com.zsc.externalservice.mapper.CustomerMapper' mapperInterface
2024-08-13 10:57:18 [main] DEBUG o.m.s.mapper.ClassPathMapperScanner - Enabling autowire by type for MapperFactoryBean with name 'customerMapper'.
2024-08-13 10:57:18 [main] DEBUG o.m.s.mapper.ClassPathMapperScanner - Creating MapperFactoryBean with name 'priceTagMapper' and 'com.zsc.externalservice.mapper.PriceTagMapper' mapperInterface
2024-08-13 10:57:18 [main] DEBUG o.m.s.mapper.ClassPathMapperScanner - Enabling autowire by type for MapperFactoryBean with name 'priceTagMapper'.
2024-08-13 10:57:19 [main] INFO  o.s.b.w.e.tomcat.TomcatWebServer - Tomcat initialized with port(s): 8082 (http)
2024-08-13 10:57:19 [main] INFO  o.a.c.core.AprLifecycleListener - Loaded Apache Tomcat Native library [1.3.0] using APR version [1.7.4].
2024-08-13 10:57:19 [main] INFO  o.a.c.core.AprLifecycleListener - APR capabilities: IPv6 [true], sendfile [true], accept filters [false], random [true], UDS [true].
2024-08-13 10:57:19 [main] INFO  o.a.c.core.AprLifecycleListener - APR/OpenSSL configuration: useAprConnector [false], useOpenSSL [true]
2024-08-13 10:57:19 [main] INFO  o.a.c.core.AprLifecycleListener - OpenSSL successfully initialized [OpenSSL 3.0.13 30 Jan 2024]
2024-08-13 10:57:19 [main] INFO  o.a.catalina.core.StandardService - Starting service [Tomcat]
2024-08-13 10:57:19 [main] INFO  o.a.catalina.core.StandardEngine - Starting Servlet engine: [Apache Tomcat/9.0.75]
2024-08-13 10:57:19 [main] INFO  o.a.c.c.C.[Tomcat].[localhost].[/] - Initializing Spring embedded WebApplicationContext
2024-08-13 10:57:19 [main] INFO  o.s.b.w.s.c.ServletWebServerApplicationContext - Root WebApplicationContext: initialization completed in 1136 ms
2024-08-13 10:57:19 [main] DEBUG o.m.spring.SqlSessionFactoryBean - Property 'mapperLocations' was not specified.
2024-08-13 10:57:19 [main] DEBUG o.s.w.s.m.m.a.RequestMappingHandlerAdapter - ControllerAdvice beans: 0 @ModelAttribute, 0 @InitBinder, 1 RequestBodyAdvice, 1 ResponseBodyAdvice
2024-08-13 10:57:19 [main] INFO  o.s.b.a.w.s.WelcomePageHandlerMapping - Adding welcome page: class path resource [static/index.html]
2024-08-13 10:57:20 [main] DEBUG o.s.w.s.m.m.a.RequestMappingHandlerMapping - 9 mappings in 'requestMappingHandlerMapping'
2024-08-13 10:57:20 [main] DEBUG o.s.w.s.h.SimpleUrlHandlerMapping - Patterns [/webjars/**, /**] in 'resourceHandlerMapping'
2024-08-13 10:57:20 [main] DEBUG o.s.w.s.m.m.a.ExceptionHandlerExceptionResolver - ControllerAdvice beans: 0 @ExceptionHandler, 1 ResponseBodyAdvice
2024-08-13 10:57:20 [main] INFO  o.s.b.w.e.tomcat.TomcatWebServer - Tomcat started on port(s): 8082 (http) with context path ''
2024-08-13 10:57:20 [main] INFO  c.z.e.ExternalServiceApplication - Started ExternalServiceApplication in 2.318 seconds (JVM running for 3.31)
2024-08-13 11:01:19 [main] INFO  c.z.e.ExternalServiceApplication - Starting ExternalServiceApplication using Java 17.0.11 on LIUCM-2 with PID 9700 (E:\chenkuan\烟盒项目\code\JLT\JLT_SpringBoot\JLT\JLT-ExternalService\target\classes started by liucm in E:\chenkuan\烟盒项目\code\JLT\JLT_SpringBoot\JLT)
2024-08-13 11:01:19 [main] DEBUG c.z.e.ExternalServiceApplication - Running with Spring Boot v2.7.12, Spring v5.3.27
2024-08-13 11:01:19 [main] INFO  c.z.e.ExternalServiceApplication - No active profile set, falling back to 1 default profile: "default"
2024-08-13 11:01:19 [main] DEBUG o.m.s.mapper.ClassPathMapperScanner - Identified candidate component class: file [E:\chenkuan\烟盒项目\code\JLT\JLT_SpringBoot\JLT\JLT-ExternalService\target\classes\com\zsc\externalservice\mapper\CustomerMapper.class]
2024-08-13 11:01:19 [main] DEBUG o.m.s.mapper.ClassPathMapperScanner - Identified candidate component class: file [E:\chenkuan\烟盒项目\code\JLT\JLT_SpringBoot\JLT\JLT-ExternalService\target\classes\com\zsc\externalservice\mapper\PriceTagMapper.class]
2024-08-13 11:01:19 [main] DEBUG o.m.s.mapper.ClassPathMapperScanner - Creating MapperFactoryBean with name 'customerMapper' and 'com.zsc.externalservice.mapper.CustomerMapper' mapperInterface
2024-08-13 11:01:19 [main] DEBUG o.m.s.mapper.ClassPathMapperScanner - Enabling autowire by type for MapperFactoryBean with name 'customerMapper'.
2024-08-13 11:01:19 [main] DEBUG o.m.s.mapper.ClassPathMapperScanner - Creating MapperFactoryBean with name 'priceTagMapper' and 'com.zsc.externalservice.mapper.PriceTagMapper' mapperInterface
2024-08-13 11:01:19 [main] DEBUG o.m.s.mapper.ClassPathMapperScanner - Enabling autowire by type for MapperFactoryBean with name 'priceTagMapper'.
2024-08-13 11:01:20 [main] INFO  o.s.b.w.e.tomcat.TomcatWebServer - Tomcat initialized with port(s): 8082 (http)
2024-08-13 11:01:20 [main] INFO  o.a.c.core.AprLifecycleListener - Loaded Apache Tomcat Native library [1.3.0] using APR version [1.7.4].
2024-08-13 11:01:20 [main] INFO  o.a.c.core.AprLifecycleListener - APR capabilities: IPv6 [true], sendfile [true], accept filters [false], random [true], UDS [true].
2024-08-13 11:01:20 [main] INFO  o.a.c.core.AprLifecycleListener - APR/OpenSSL configuration: useAprConnector [false], useOpenSSL [true]
2024-08-13 11:01:20 [main] INFO  o.a.c.core.AprLifecycleListener - OpenSSL successfully initialized [OpenSSL 3.0.13 30 Jan 2024]
2024-08-13 11:01:20 [main] INFO  o.a.catalina.core.StandardService - Starting service [Tomcat]
2024-08-13 11:01:20 [main] INFO  o.a.catalina.core.StandardEngine - Starting Servlet engine: [Apache Tomcat/9.0.75]
2024-08-13 11:01:20 [main] INFO  o.a.c.c.C.[Tomcat].[localhost].[/] - Initializing Spring embedded WebApplicationContext
2024-08-13 11:01:20 [main] INFO  o.s.b.w.s.c.ServletWebServerApplicationContext - Root WebApplicationContext: initialization completed in 943 ms
2024-08-13 11:01:20 [main] DEBUG o.m.spring.SqlSessionFactoryBean - Property 'mapperLocations' was not specified.
2024-08-13 11:01:20 [main] DEBUG o.s.w.s.m.m.a.RequestMappingHandlerAdapter - ControllerAdvice beans: 0 @ModelAttribute, 0 @InitBinder, 1 RequestBodyAdvice, 1 ResponseBodyAdvice
2024-08-13 11:01:20 [main] INFO  o.s.b.a.w.s.WelcomePageHandlerMapping - Adding welcome page: class path resource [static/index.html]
2024-08-13 11:01:20 [main] DEBUG o.s.w.s.m.m.a.RequestMappingHandlerMapping - 9 mappings in 'requestMappingHandlerMapping'
2024-08-13 11:01:20 [main] DEBUG o.s.w.s.h.SimpleUrlHandlerMapping - Patterns [/webjars/**, /**] in 'resourceHandlerMapping'
2024-08-13 11:01:20 [main] DEBUG o.s.w.s.m.m.a.ExceptionHandlerExceptionResolver - ControllerAdvice beans: 0 @ExceptionHandler, 1 ResponseBodyAdvice
2024-08-13 11:01:20 [main] INFO  o.s.b.w.e.tomcat.TomcatWebServer - Tomcat started on port(s): 8082 (http) with context path ''
2024-08-13 11:01:20 [main] INFO  c.z.e.ExternalServiceApplication - Started ExternalServiceApplication in 1.985 seconds (JVM running for 2.686)
2024-08-13 11:01:59 [main] INFO  c.z.e.ExternalServiceApplication - Starting ExternalServiceApplication using Java 17.0.11 on LIUCM-2 with PID 37844 (E:\chenkuan\烟盒项目\code\JLT\JLT_SpringBoot\JLT\JLT-ExternalService\target\classes started by liucm in E:\chenkuan\烟盒项目\code\JLT\JLT_SpringBoot\JLT)
2024-08-13 11:01:59 [main] DEBUG c.z.e.ExternalServiceApplication - Running with Spring Boot v2.7.12, Spring v5.3.27
2024-08-13 11:01:59 [main] INFO  c.z.e.ExternalServiceApplication - No active profile set, falling back to 1 default profile: "default"
2024-08-13 11:01:59 [main] DEBUG o.m.s.mapper.ClassPathMapperScanner - Identified candidate component class: file [E:\chenkuan\烟盒项目\code\JLT\JLT_SpringBoot\JLT\JLT-ExternalService\target\classes\com\zsc\externalservice\mapper\CustomerMapper.class]
2024-08-13 11:01:59 [main] DEBUG o.m.s.mapper.ClassPathMapperScanner - Identified candidate component class: file [E:\chenkuan\烟盒项目\code\JLT\JLT_SpringBoot\JLT\JLT-ExternalService\target\classes\com\zsc\externalservice\mapper\PriceTagMapper.class]
2024-08-13 11:01:59 [main] DEBUG o.m.s.mapper.ClassPathMapperScanner - Creating MapperFactoryBean with name 'customerMapper' and 'com.zsc.externalservice.mapper.CustomerMapper' mapperInterface
2024-08-13 11:01:59 [main] DEBUG o.m.s.mapper.ClassPathMapperScanner - Enabling autowire by type for MapperFactoryBean with name 'customerMapper'.
2024-08-13 11:01:59 [main] DEBUG o.m.s.mapper.ClassPathMapperScanner - Creating MapperFactoryBean with name 'priceTagMapper' and 'com.zsc.externalservice.mapper.PriceTagMapper' mapperInterface
2024-08-13 11:01:59 [main] DEBUG o.m.s.mapper.ClassPathMapperScanner - Enabling autowire by type for MapperFactoryBean with name 'priceTagMapper'.
2024-08-13 11:02:00 [main] INFO  o.s.b.w.e.tomcat.TomcatWebServer - Tomcat initialized with port(s): 8082 (http)
2024-08-13 11:02:00 [main] INFO  o.a.c.core.AprLifecycleListener - Loaded Apache Tomcat Native library [1.3.0] using APR version [1.7.4].
2024-08-13 11:02:00 [main] INFO  o.a.c.core.AprLifecycleListener - APR capabilities: IPv6 [true], sendfile [true], accept filters [false], random [true], UDS [true].
2024-08-13 11:02:00 [main] INFO  o.a.c.core.AprLifecycleListener - APR/OpenSSL configuration: useAprConnector [false], useOpenSSL [true]
2024-08-13 11:02:00 [main] INFO  o.a.c.core.AprLifecycleListener - OpenSSL successfully initialized [OpenSSL 3.0.13 30 Jan 2024]
2024-08-13 11:02:00 [main] INFO  o.a.catalina.core.StandardService - Starting service [Tomcat]
2024-08-13 11:02:00 [main] INFO  o.a.catalina.core.StandardEngine - Starting Servlet engine: [Apache Tomcat/9.0.75]
2024-08-13 11:02:00 [main] INFO  o.a.c.c.C.[Tomcat].[localhost].[/] - Initializing Spring embedded WebApplicationContext
2024-08-13 11:02:00 [main] INFO  o.s.b.w.s.c.ServletWebServerApplicationContext - Root WebApplicationContext: initialization completed in 951 ms
2024-08-13 11:02:00 [main] DEBUG o.m.spring.SqlSessionFactoryBean - Property 'mapperLocations' was not specified.
2024-08-13 11:02:00 [main] DEBUG o.s.w.s.m.m.a.RequestMappingHandlerAdapter - ControllerAdvice beans: 0 @ModelAttribute, 0 @InitBinder, 1 RequestBodyAdvice, 1 ResponseBodyAdvice
2024-08-13 11:02:00 [main] INFO  o.s.b.a.w.s.WelcomePageHandlerMapping - Adding welcome page: class path resource [static/index.html]
2024-08-13 11:02:00 [main] DEBUG o.s.w.s.m.m.a.RequestMappingHandlerMapping - 9 mappings in 'requestMappingHandlerMapping'
2024-08-13 11:02:00 [main] DEBUG o.s.w.s.h.SimpleUrlHandlerMapping - Patterns [/webjars/**, /**] in 'resourceHandlerMapping'
2024-08-13 11:02:00 [main] DEBUG o.s.w.s.m.m.a.ExceptionHandlerExceptionResolver - ControllerAdvice beans: 0 @ExceptionHandler, 1 ResponseBodyAdvice
2024-08-13 11:02:00 [main] INFO  o.s.b.w.e.tomcat.TomcatWebServer - Tomcat started on port(s): 8082 (http) with context path ''
2024-08-13 11:02:00 [main] INFO  c.z.e.ExternalServiceApplication - Started ExternalServiceApplication in 2.001 seconds (JVM running for 2.653)
2024-08-13 11:19:15 [http-nio-8082-exec-1] INFO  o.a.c.c.C.[Tomcat].[localhost].[/] - Initializing Spring DispatcherServlet 'dispatcherServlet'
2024-08-13 11:19:15 [http-nio-8082-exec-1] INFO  o.s.web.servlet.DispatcherServlet - Initializing Servlet 'dispatcherServlet'
2024-08-13 11:19:15 [http-nio-8082-exec-1] DEBUG o.s.web.servlet.DispatcherServlet - Detected StandardServletMultipartResolver
2024-08-13 11:19:15 [http-nio-8082-exec-1] DEBUG o.s.web.servlet.DispatcherServlet - Detected AcceptHeaderLocaleResolver
2024-08-13 11:19:15 [http-nio-8082-exec-1] DEBUG o.s.web.servlet.DispatcherServlet - Detected FixedThemeResolver
2024-08-13 11:19:15 [http-nio-8082-exec-1] DEBUG o.s.web.servlet.DispatcherServlet - Detected org.springframework.web.servlet.view.DefaultRequestToViewNameTranslator@29bcf51d
2024-08-13 11:19:15 [http-nio-8082-exec-1] DEBUG o.s.web.servlet.DispatcherServlet - Detected org.springframework.web.servlet.support.SessionFlashMapManager@58a84a12
2024-08-13 11:19:15 [http-nio-8082-exec-1] DEBUG o.s.web.servlet.DispatcherServlet - enableLoggingRequestDetails='false': request parameters and headers will be masked to prevent unsafe logging of potentially sensitive data
2024-08-13 11:19:15 [http-nio-8082-exec-1] INFO  o.s.web.servlet.DispatcherServlet - Completed initialization in 3 ms
2024-08-13 11:19:15 [http-nio-8082-exec-1] DEBUG o.s.web.servlet.DispatcherServlet - POST "/api/pricetags/getPriceOverview", parameters={}
2024-08-13 11:19:15 [http-nio-8082-exec-1] WARN  o.s.w.s.m.s.DefaultHandlerExceptionResolver - Resolved [org.springframework.web.HttpRequestMethodNotSupportedException: Request method 'POST' not supported]
2024-08-13 11:19:15 [http-nio-8082-exec-1] DEBUG o.s.web.servlet.DispatcherServlet - Completed 405 METHOD_NOT_ALLOWED
2024-08-13 11:19:15 [http-nio-8082-exec-1] DEBUG o.s.web.servlet.DispatcherServlet - "ERROR" dispatch for POST "/error", parameters={}
2024-08-13 11:19:15 [http-nio-8082-exec-1] DEBUG o.s.w.s.m.m.a.RequestMappingHandlerMapping - Mapped to org.springframework.boot.autoconfigure.web.servlet.error.BasicErrorController#error(HttpServletRequest)
2024-08-13 11:19:15 [http-nio-8082-exec-1] DEBUG o.s.w.s.m.m.a.HttpEntityMethodProcessor - Using 'application/json;charset=UTF-8', given [application/json;charset=UTF-8] and supported [application/json, application/*+json, application/json, application/*+json]
2024-08-13 11:19:15 [http-nio-8082-exec-1] DEBUG o.s.w.s.m.m.a.HttpEntityMethodProcessor - Writing [{timestamp=Tue Aug 13 11:19:15 CST 2024, status=405, error=Method Not Allowed, path=/api/pricetags/g (truncated)...]
2024-08-13 11:19:15 [http-nio-8082-exec-1] DEBUG o.s.web.servlet.DispatcherServlet - Exiting from "ERROR" dispatch, status 405
2024-08-13 11:19:29 [http-nio-8082-exec-2] DEBUG o.s.web.servlet.DispatcherServlet - POST "/api/pricetags/getPriceOverview", parameters={}
2024-08-13 11:19:29 [http-nio-8082-exec-2] WARN  o.s.w.s.m.s.DefaultHandlerExceptionResolver - Resolved [org.springframework.web.HttpRequestMethodNotSupportedException: Request method 'POST' not supported]
2024-08-13 11:19:29 [http-nio-8082-exec-2] DEBUG o.s.web.servlet.DispatcherServlet - Completed 405 METHOD_NOT_ALLOWED
2024-08-13 11:19:29 [http-nio-8082-exec-2] DEBUG o.s.web.servlet.DispatcherServlet - "ERROR" dispatch for POST "/error", parameters={}
2024-08-13 11:19:29 [http-nio-8082-exec-2] DEBUG o.s.w.s.m.m.a.RequestMappingHandlerMapping - Mapped to org.springframework.boot.autoconfigure.web.servlet.error.BasicErrorController#error(HttpServletRequest)
2024-08-13 11:19:29 [http-nio-8082-exec-2] DEBUG o.s.w.s.m.m.a.HttpEntityMethodProcessor - Using 'application/json;charset=UTF-8', given [application/json;charset=UTF-8] and supported [application/json, application/*+json, application/json, application/*+json]
2024-08-13 11:19:29 [http-nio-8082-exec-2] DEBUG o.s.w.s.m.m.a.HttpEntityMethodProcessor - Writing [{timestamp=Tue Aug 13 11:19:29 CST 2024, status=405, error=Method Not Allowed, path=/api/pricetags/g (truncated)...]
2024-08-13 11:19:29 [http-nio-8082-exec-2] DEBUG o.s.web.servlet.DispatcherServlet - Exiting from "ERROR" dispatch, status 405
2024-08-13 11:21:33 [http-nio-8082-exec-5] DEBUG o.s.web.servlet.DispatcherServlet - GET "/api/pricetags/getPriceOverview", parameters={}
2024-08-13 11:21:33 [http-nio-8082-exec-5] DEBUG o.s.w.s.m.m.a.RequestMappingHandlerMapping - Mapped to com.zsc.externalservice.controller.PriceTagController#getPriceOverview()
2024-08-13 11:21:33 [http-nio-8082-exec-5] DEBUG org.mybatis.spring.SqlSessionUtils - Creating a new SqlSession
2024-08-13 11:21:33 [http-nio-8082-exec-5] DEBUG org.mybatis.spring.SqlSessionUtils - SqlSession [org.apache.ibatis.session.defaults.DefaultSqlSession@39019ee5] was not registered for synchronization because synchronization is not active
2024-08-13 11:21:33 [http-nio-8082-exec-5] INFO  com.zaxxer.hikari.HikariDataSource - HikariPool-1 - Starting...
2024-08-13 11:21:33 [http-nio-8082-exec-5] INFO  com.zaxxer.hikari.HikariDataSource - HikariPool-1 - Start completed.
2024-08-13 11:21:33 [http-nio-8082-exec-5] DEBUG o.m.s.t.SpringManagedTransaction - JDBC Connection [HikariProxyConnection@813745787 wrapping com.mysql.cj.jdbc.ConnectionImpl@48ceb658] will not be managed by Spring
2024-08-13 11:21:33 [http-nio-8082-exec-5] DEBUG c.z.e.m.P.getPriceOverview - ==>  Preparing: SELECT product_name, retail_price, direct_retail_price, factory_simple_name, price_type_code, product_type_code, product_code FROM ADS_SJZL_CC_TBC_PRODUCT
2024-08-13 11:21:33 [http-nio-8082-exec-5] DEBUG c.z.e.m.P.getPriceOverview - ==> Parameters: 
2024-08-13 11:21:33 [http-nio-8082-exec-5] DEBUG c.z.e.m.P.getPriceOverview - <==      Total: 1527
2024-08-13 11:21:33 [http-nio-8082-exec-5] DEBUG org.mybatis.spring.SqlSessionUtils - Closing non transactional SqlSession [org.apache.ibatis.session.defaults.DefaultSqlSession@39019ee5]
2024-08-13 11:21:33 [http-nio-8082-exec-5] DEBUG o.s.w.s.m.m.a.RequestResponseBodyMethodProcessor - Using 'application/json', given [*/*] and supported [application/json, application/*+json, application/json, application/*+json]
2024-08-13 11:21:33 [http-nio-8082-exec-5] DEBUG o.s.w.s.m.m.a.RequestResponseBodyMethodProcessor - Writing [[com.zsc.externalservice.entity.PriceOverview@1a3300d1, com.zsc.externalservice.entity.PriceOverview (truncated)...]
2024-08-13 11:21:33 [http-nio-8082-exec-5] DEBUG o.s.web.servlet.DispatcherServlet - Completed 200 OK
2024-08-13 11:22:40 [http-nio-8082-exec-6] DEBUG o.s.web.servlet.DispatcherServlet - GET "/api/pricetags/getPriceOverview", parameters={}
2024-08-13 11:22:40 [http-nio-8082-exec-6] DEBUG o.s.w.s.m.m.a.RequestMappingHandlerMapping - Mapped to com.zsc.externalservice.controller.PriceTagController#getPriceOverview()
2024-08-13 11:22:40 [http-nio-8082-exec-6] DEBUG org.mybatis.spring.SqlSessionUtils - Creating a new SqlSession
2024-08-13 11:22:40 [http-nio-8082-exec-6] DEBUG org.mybatis.spring.SqlSessionUtils - SqlSession [org.apache.ibatis.session.defaults.DefaultSqlSession@57cc8478] was not registered for synchronization because synchronization is not active
2024-08-13 11:22:40 [http-nio-8082-exec-6] DEBUG o.m.s.t.SpringManagedTransaction - JDBC Connection [HikariProxyConnection@1493917937 wrapping com.mysql.cj.jdbc.ConnectionImpl@48ceb658] will not be managed by Spring
2024-08-13 11:22:40 [http-nio-8082-exec-6] DEBUG c.z.e.m.P.getPriceOverview - ==>  Preparing: SELECT product_name, retail_price, direct_retail_price, factory_simple_name, price_type_code, product_type_code, product_code FROM ADS_SJZL_CC_TBC_PRODUCT
2024-08-13 11:22:40 [http-nio-8082-exec-6] DEBUG c.z.e.m.P.getPriceOverview - ==> Parameters: 
2024-08-13 11:22:40 [http-nio-8082-exec-6] DEBUG c.z.e.m.P.getPriceOverview - <==      Total: 1527
2024-08-13 11:22:40 [http-nio-8082-exec-6] DEBUG org.mybatis.spring.SqlSessionUtils - Closing non transactional SqlSession [org.apache.ibatis.session.defaults.DefaultSqlSession@57cc8478]
2024-08-13 11:22:40 [http-nio-8082-exec-6] DEBUG o.s.w.s.m.m.a.RequestResponseBodyMethodProcessor - Using 'application/json', given [*/*] and supported [application/json, application/*+json, application/json, application/*+json]
2024-08-13 11:22:40 [http-nio-8082-exec-6] DEBUG o.s.w.s.m.m.a.RequestResponseBodyMethodProcessor - Writing [[com.zsc.externalservice.entity.PriceOverview@18366aca, com.zsc.externalservice.entity.PriceOverview (truncated)...]
2024-08-13 11:22:40 [http-nio-8082-exec-6] DEBUG o.s.web.servlet.DispatcherServlet - Completed 200 OK
2024-08-13 11:23:42 [http-nio-8082-exec-8] DEBUG o.s.web.servlet.DispatcherServlet - GET "/api/pricetags/getPriceOverview", parameters={}
2024-08-13 11:23:42 [http-nio-8082-exec-8] DEBUG o.s.w.s.m.m.a.RequestMappingHandlerMapping - Mapped to com.zsc.externalservice.controller.PriceTagController#getPriceOverview()
2024-08-13 11:23:42 [http-nio-8082-exec-8] DEBUG org.mybatis.spring.SqlSessionUtils - Creating a new SqlSession
2024-08-13 11:23:42 [http-nio-8082-exec-8] DEBUG org.mybatis.spring.SqlSessionUtils - SqlSession [org.apache.ibatis.session.defaults.DefaultSqlSession@24cd6e7e] was not registered for synchronization because synchronization is not active
2024-08-13 11:23:42 [http-nio-8082-exec-8] DEBUG o.m.s.t.SpringManagedTransaction - JDBC Connection [HikariProxyConnection@705336471 wrapping com.mysql.cj.jdbc.ConnectionImpl@48ceb658] will not be managed by Spring
2024-08-13 11:23:42 [http-nio-8082-exec-8] DEBUG c.z.e.m.P.getPriceOverview - ==>  Preparing: SELECT product_name, retail_price, direct_retail_price, factory_simple_name, price_type_code, product_type_code, product_code FROM ADS_SJZL_CC_TBC_PRODUCT
2024-08-13 11:23:42 [http-nio-8082-exec-8] DEBUG c.z.e.m.P.getPriceOverview - ==> Parameters: 
2024-08-13 11:23:42 [http-nio-8082-exec-8] DEBUG c.z.e.m.P.getPriceOverview - <==      Total: 1527
2024-08-13 11:23:42 [http-nio-8082-exec-8] DEBUG org.mybatis.spring.SqlSessionUtils - Closing non transactional SqlSession [org.apache.ibatis.session.defaults.DefaultSqlSession@24cd6e7e]
2024-08-13 11:23:42 [http-nio-8082-exec-8] DEBUG o.s.w.s.m.m.a.RequestResponseBodyMethodProcessor - Using 'application/json;charset=UTF-8', given [application/json;charset=UTF-8] and supported [application/json, application/*+json, application/json, application/*+json]
2024-08-13 11:23:42 [http-nio-8082-exec-8] DEBUG o.s.w.s.m.m.a.RequestResponseBodyMethodProcessor - Writing [[com.zsc.externalservice.entity.PriceOverview@6b379eac, com.zsc.externalservice.entity.PriceOverview (truncated)...]
2024-08-13 11:23:42 [http-nio-8082-exec-8] DEBUG o.s.web.servlet.DispatcherServlet - Completed 200 OK
2024-08-13 11:26:53 [http-nio-8082-exec-9] DEBUG o.s.web.servlet.DispatcherServlet - GET "/api/pricetags/getPriceOverview", parameters={}
2024-08-13 11:26:53 [http-nio-8082-exec-9] DEBUG o.s.w.s.m.m.a.RequestMappingHandlerMapping - Mapped to com.zsc.externalservice.controller.PriceTagController#getPriceOverview()
2024-08-13 11:26:53 [http-nio-8082-exec-9] DEBUG org.mybatis.spring.SqlSessionUtils - Creating a new SqlSession
2024-08-13 11:26:53 [http-nio-8082-exec-9] DEBUG org.mybatis.spring.SqlSessionUtils - SqlSession [org.apache.ibatis.session.defaults.DefaultSqlSession@1e8a916b] was not registered for synchronization because synchronization is not active
2024-08-13 11:26:53 [http-nio-8082-exec-9] DEBUG o.m.s.t.SpringManagedTransaction - JDBC Connection [HikariProxyConnection@273509578 wrapping com.mysql.cj.jdbc.ConnectionImpl@48ceb658] will not be managed by Spring
2024-08-13 11:26:53 [http-nio-8082-exec-9] DEBUG c.z.e.m.P.getPriceOverview - ==>  Preparing: SELECT product_name, retail_price, direct_retail_price, factory_simple_name, price_type_code, product_type_code, product_code FROM ADS_SJZL_CC_TBC_PRODUCT
2024-08-13 11:26:53 [http-nio-8082-exec-9] DEBUG c.z.e.m.P.getPriceOverview - ==> Parameters: 
2024-08-13 11:26:53 [http-nio-8082-exec-9] DEBUG c.z.e.m.P.getPriceOverview - <==      Total: 1527
2024-08-13 11:26:53 [http-nio-8082-exec-9] DEBUG org.mybatis.spring.SqlSessionUtils - Closing non transactional SqlSession [org.apache.ibatis.session.defaults.DefaultSqlSession@1e8a916b]
2024-08-13 11:26:53 [http-nio-8082-exec-9] DEBUG o.s.w.s.m.m.a.RequestResponseBodyMethodProcessor - Using 'application/json;charset=UTF-8', given [application/json;charset=UTF-8] and supported [application/json, application/*+json, application/json, application/*+json]
2024-08-13 11:26:53 [http-nio-8082-exec-9] DEBUG o.s.w.s.m.m.a.RequestResponseBodyMethodProcessor - Writing [[com.zsc.externalservice.entity.PriceOverview@1b3bb47d, com.zsc.externalservice.entity.PriceOverview (truncated)...]
2024-08-13 11:26:53 [http-nio-8082-exec-9] DEBUG o.s.web.servlet.DispatcherServlet - Completed 200 OK
2024-08-13 12:03:47 [SpringApplicationShutdownHook] INFO  com.zaxxer.hikari.HikariDataSource - HikariPool-1 - Shutdown initiated...
2024-08-13 12:03:47 [SpringApplicationShutdownHook] INFO  com.zaxxer.hikari.HikariDataSource - HikariPool-1 - Shutdown completed.
2024-08-13 12:06:50 [main] INFO  c.z.e.ExternalServiceApplication - Starting ExternalServiceApplication using Java 17.0.11 on LIUCM-2 with PID 32680 (E:\chenkuan\烟盒项目\code\JLT\JLT_SpringBoot\JLT\JLT-ExternalService\target\classes started by liucm in E:\chenkuan\烟盒项目\code\JLT\JLT_SpringBoot\JLT)
2024-08-13 12:06:50 [main] DEBUG c.z.e.ExternalServiceApplication - Running with Spring Boot v2.7.12, Spring v5.3.27
2024-08-13 12:06:50 [main] INFO  c.z.e.ExternalServiceApplication - No active profile set, falling back to 1 default profile: "default"
2024-08-13 12:06:51 [main] DEBUG o.m.s.mapper.ClassPathMapperScanner - Identified candidate component class: file [E:\chenkuan\烟盒项目\code\JLT\JLT_SpringBoot\JLT\JLT-ExternalService\target\classes\com\zsc\externalservice\mapper\CustomerMapper.class]
2024-08-13 12:06:51 [main] DEBUG o.m.s.mapper.ClassPathMapperScanner - Identified candidate component class: file [E:\chenkuan\烟盒项目\code\JLT\JLT_SpringBoot\JLT\JLT-ExternalService\target\classes\com\zsc\externalservice\mapper\PriceTagMapper.class]
2024-08-13 12:06:51 [main] DEBUG o.m.s.mapper.ClassPathMapperScanner - Creating MapperFactoryBean with name 'customerMapper' and 'com.zsc.externalservice.mapper.CustomerMapper' mapperInterface
2024-08-13 12:06:51 [main] DEBUG o.m.s.mapper.ClassPathMapperScanner - Enabling autowire by type for MapperFactoryBean with name 'customerMapper'.
2024-08-13 12:06:51 [main] DEBUG o.m.s.mapper.ClassPathMapperScanner - Creating MapperFactoryBean with name 'priceTagMapper' and 'com.zsc.externalservice.mapper.PriceTagMapper' mapperInterface
2024-08-13 12:06:51 [main] DEBUG o.m.s.mapper.ClassPathMapperScanner - Enabling autowire by type for MapperFactoryBean with name 'priceTagMapper'.
2024-08-13 12:06:52 [main] INFO  o.s.b.w.e.tomcat.TomcatWebServer - Tomcat initialized with port(s): 8082 (http)
2024-08-13 12:06:52 [main] INFO  o.a.c.core.AprLifecycleListener - Loaded Apache Tomcat Native library [1.3.0] using APR version [1.7.4].
2024-08-13 12:06:52 [main] INFO  o.a.c.core.AprLifecycleListener - APR capabilities: IPv6 [true], sendfile [true], accept filters [false], random [true], UDS [true].
2024-08-13 12:06:52 [main] INFO  o.a.c.core.AprLifecycleListener - APR/OpenSSL configuration: useAprConnector [false], useOpenSSL [true]
2024-08-13 12:06:52 [main] INFO  o.a.c.core.AprLifecycleListener - OpenSSL successfully initialized [OpenSSL 3.0.13 30 Jan 2024]
2024-08-13 12:06:52 [main] INFO  o.a.catalina.core.StandardService - Starting service [Tomcat]
2024-08-13 12:06:52 [main] INFO  o.a.catalina.core.StandardEngine - Starting Servlet engine: [Apache Tomcat/9.0.75]
2024-08-13 12:06:52 [main] INFO  o.a.c.c.C.[Tomcat].[localhost].[/] - Initializing Spring embedded WebApplicationContext
2024-08-13 12:06:52 [main] INFO  o.s.b.w.s.c.ServletWebServerApplicationContext - Root WebApplicationContext: initialization completed in 1129 ms
2024-08-13 12:06:52 [main] DEBUG o.m.spring.SqlSessionFactoryBean - Property 'mapperLocations' was not specified.
2024-08-13 12:06:52 [main] DEBUG o.s.w.s.m.m.a.RequestMappingHandlerAdapter - ControllerAdvice beans: 0 @ModelAttribute, 0 @InitBinder, 1 RequestBodyAdvice, 1 ResponseBodyAdvice
2024-08-13 12:06:52 [main] INFO  o.s.b.a.w.s.WelcomePageHandlerMapping - Adding welcome page: class path resource [static/index.html]
2024-08-13 12:06:52 [main] DEBUG o.s.w.s.m.m.a.RequestMappingHandlerMapping - 9 mappings in 'requestMappingHandlerMapping'
2024-08-13 12:06:52 [main] DEBUG o.s.w.s.h.SimpleUrlHandlerMapping - Patterns [/webjars/**, /**] in 'resourceHandlerMapping'
2024-08-13 12:06:52 [main] DEBUG o.s.w.s.m.m.a.ExceptionHandlerExceptionResolver - ControllerAdvice beans: 0 @ExceptionHandler, 1 ResponseBodyAdvice
2024-08-13 12:06:52 [main] INFO  o.s.b.w.e.tomcat.TomcatWebServer - Tomcat started on port(s): 8082 (http) with context path ''
2024-08-13 12:06:52 [main] INFO  c.z.e.ExternalServiceApplication - Started ExternalServiceApplication in 2.297 seconds (JVM running for 2.952)
2024-08-13 12:07:01 [http-nio-8082-exec-1] INFO  o.a.c.c.C.[Tomcat].[localhost].[/] - Initializing Spring DispatcherServlet 'dispatcherServlet'
2024-08-13 12:07:01 [http-nio-8082-exec-1] INFO  o.s.web.servlet.DispatcherServlet - Initializing Servlet 'dispatcherServlet'
2024-08-13 12:07:01 [http-nio-8082-exec-1] DEBUG o.s.web.servlet.DispatcherServlet - Detected StandardServletMultipartResolver
2024-08-13 12:07:01 [http-nio-8082-exec-1] DEBUG o.s.web.servlet.DispatcherServlet - Detected AcceptHeaderLocaleResolver
2024-08-13 12:07:01 [http-nio-8082-exec-1] DEBUG o.s.web.servlet.DispatcherServlet - Detected FixedThemeResolver
2024-08-13 12:07:01 [http-nio-8082-exec-1] DEBUG o.s.web.servlet.DispatcherServlet - Detected org.springframework.web.servlet.view.DefaultRequestToViewNameTranslator@fd413fb
2024-08-13 12:07:01 [http-nio-8082-exec-1] DEBUG o.s.web.servlet.DispatcherServlet - Detected org.springframework.web.servlet.support.SessionFlashMapManager@4d09cade
2024-08-13 12:07:01 [http-nio-8082-exec-1] DEBUG o.s.web.servlet.DispatcherServlet - enableLoggingRequestDetails='false': request parameters and headers will be masked to prevent unsafe logging of potentially sensitive data
2024-08-13 12:07:01 [http-nio-8082-exec-1] INFO  o.s.web.servlet.DispatcherServlet - Completed initialization in 1 ms
2024-08-13 12:07:01 [http-nio-8082-exec-1] DEBUG o.s.web.servlet.DispatcherServlet - GET "/api/pricetags/getPriceOverview", parameters={}
2024-08-13 12:07:01 [http-nio-8082-exec-1] DEBUG o.s.w.s.m.m.a.RequestMappingHandlerMapping - Mapped to com.zsc.externalservice.controller.PriceTagController#getPriceOverview()
2024-08-13 12:07:01 [http-nio-8082-exec-1] DEBUG org.mybatis.spring.SqlSessionUtils - Creating a new SqlSession
2024-08-13 12:07:01 [http-nio-8082-exec-1] DEBUG org.mybatis.spring.SqlSessionUtils - SqlSession [org.apache.ibatis.session.defaults.DefaultSqlSession@96231ba] was not registered for synchronization because synchronization is not active
2024-08-13 12:07:01 [http-nio-8082-exec-1] INFO  com.zaxxer.hikari.HikariDataSource - HikariPool-1 - Starting...
2024-08-13 12:07:01 [http-nio-8082-exec-1] INFO  com.zaxxer.hikari.HikariDataSource - HikariPool-1 - Start completed.
2024-08-13 12:07:01 [http-nio-8082-exec-1] DEBUG o.m.s.t.SpringManagedTransaction - JDBC Connection [HikariProxyConnection@913767663 wrapping com.mysql.cj.jdbc.ConnectionImpl@33a7d44e] will not be managed by Spring
2024-08-13 12:07:01 [http-nio-8082-exec-1] DEBUG c.z.e.m.P.getPriceOverview - ==>  Preparing: SELECT product_name, retail_price, direct_retail_price, factory_simple_name, price_type_code, product_type_code, product_code FROM ADS_SJZL_CC_TBC_PRODUCT
2024-08-13 12:07:01 [http-nio-8082-exec-1] DEBUG c.z.e.m.P.getPriceOverview - ==> Parameters: 
2024-08-13 12:07:01 [http-nio-8082-exec-1] DEBUG c.z.e.m.P.getPriceOverview - <==      Total: 1527
2024-08-13 12:07:01 [http-nio-8082-exec-1] DEBUG org.mybatis.spring.SqlSessionUtils - Closing non transactional SqlSession [org.apache.ibatis.session.defaults.DefaultSqlSession@96231ba]
2024-08-13 12:07:01 [http-nio-8082-exec-1] DEBUG o.s.w.s.m.m.a.RequestResponseBodyMethodProcessor - Using 'application/json;charset=UTF-8', given [application/json;charset=UTF-8] and supported [application/json, application/*+json, application/json, application/*+json]
2024-08-13 12:07:01 [http-nio-8082-exec-1] DEBUG o.s.w.s.m.m.a.RequestResponseBodyMethodProcessor - Writing [[com.zsc.externalservice.entity.PriceOverview@58370e3f, com.zsc.externalservice.entity.PriceOverview (truncated)...]
2024-08-13 12:07:01 [http-nio-8082-exec-1] DEBUG o.s.web.servlet.DispatcherServlet - Completed 200 OK
2024-08-13 13:20:57 [http-nio-8082-exec-3] DEBUG o.s.web.servlet.DispatcherServlet - GET "/uploadImages/9357/2024-08-13_13-20-20_9ea23dab-93c8-4465-b1cf-a141a49eb9d2.jpg", parameters={}
2024-08-13 13:20:57 [http-nio-8082-exec-3] DEBUG o.s.w.s.h.SimpleUrlHandlerMapping - Mapped to ResourceHttpRequestHandler [classpath [META-INF/resources/], classpath [resources/], classpath [static/], classpath [public/], ServletContext [/]]
2024-08-13 13:20:57 [http-nio-8082-exec-3] DEBUG o.s.w.s.r.ResourceHttpRequestHandler - Resource not found
2024-08-13 13:20:57 [http-nio-8082-exec-3] DEBUG o.s.web.servlet.DispatcherServlet - Completed 404 NOT_FOUND
2024-08-13 13:20:57 [http-nio-8082-exec-3] DEBUG o.s.web.servlet.DispatcherServlet - "ERROR" dispatch for GET "/error", parameters={}
2024-08-13 13:20:57 [http-nio-8082-exec-3] DEBUG o.s.w.s.m.m.a.RequestMappingHandlerMapping - Mapped to org.springframework.boot.autoconfigure.web.servlet.error.BasicErrorController#errorHtml(HttpServletRequest, HttpServletResponse)
2024-08-13 13:20:57 [http-nio-8082-exec-3] DEBUG o.s.w.s.v.ContentNegotiatingViewResolver - Selected 'text/html' given [text/html, text/html;q=0.8]
2024-08-13 13:20:57 [http-nio-8082-exec-3] DEBUG o.s.web.servlet.DispatcherServlet - Exiting from "ERROR" dispatch, status 404
2024-08-13 13:20:57 [http-nio-8082-exec-4] DEBUG o.s.web.servlet.DispatcherServlet - GET "/favicon.ico", parameters={}
2024-08-13 13:20:57 [http-nio-8082-exec-4] DEBUG o.s.w.s.h.SimpleUrlHandlerMapping - Mapped to ResourceHttpRequestHandler [classpath [META-INF/resources/], classpath [resources/], classpath [static/], classpath [public/], ServletContext [/]]
2024-08-13 13:20:57 [http-nio-8082-exec-4] DEBUG o.s.w.s.r.ResourceHttpRequestHandler - Resource not found
2024-08-13 13:20:57 [http-nio-8082-exec-4] DEBUG o.s.web.servlet.DispatcherServlet - Completed 404 NOT_FOUND
2024-08-13 13:20:57 [http-nio-8082-exec-4] DEBUG o.s.web.servlet.DispatcherServlet - "ERROR" dispatch for GET "/error", parameters={}
2024-08-13 13:20:57 [http-nio-8082-exec-4] DEBUG o.s.w.s.m.m.a.RequestMappingHandlerMapping - Mapped to org.springframework.boot.autoconfigure.web.servlet.error.BasicErrorController#error(HttpServletRequest)
2024-08-13 13:20:57 [http-nio-8082-exec-4] DEBUG o.s.w.s.m.m.a.HttpEntityMethodProcessor - Using 'application/json;q=0.8', given [image/avif, image/webp, image/apng, image/svg+xml, image/*, */*;q=0.8] and supported [application/json, application/*+json, application/json, application/*+json]
2024-08-13 13:20:57 [http-nio-8082-exec-4] DEBUG o.s.w.s.m.m.a.HttpEntityMethodProcessor - Writing [{timestamp=Tue Aug 13 13:20:57 CST 2024, status=404, error=Not Found, path=/favicon.ico}]
2024-08-13 13:20:57 [http-nio-8082-exec-4] DEBUG o.s.web.servlet.DispatcherServlet - Exiting from "ERROR" dispatch, status 404
2024-08-13 13:21:08 [http-nio-8082-exec-5] DEBUG o.s.web.servlet.DispatcherServlet - GET "/uploadImages/9357/2024-08-13_13-20-20_9ea23dab-93c8-4465-b1cf-a141a49eb9d2.jpg", parameters={}
2024-08-13 13:21:08 [http-nio-8082-exec-5] DEBUG o.s.w.s.h.SimpleUrlHandlerMapping - Mapped to ResourceHttpRequestHandler [classpath [META-INF/resources/], classpath [resources/], classpath [static/], classpath [public/], ServletContext [/]]
2024-08-13 13:21:08 [http-nio-8082-exec-5] DEBUG o.s.w.s.r.ResourceHttpRequestHandler - Resource not found
2024-08-13 13:21:08 [http-nio-8082-exec-5] DEBUG o.s.web.servlet.DispatcherServlet - Completed 404 NOT_FOUND
2024-08-13 13:21:08 [http-nio-8082-exec-5] DEBUG o.s.web.servlet.DispatcherServlet - "ERROR" dispatch for GET "/error", parameters={}
2024-08-13 13:21:08 [http-nio-8082-exec-5] DEBUG o.s.w.s.m.m.a.RequestMappingHandlerMapping - Mapped to org.springframework.boot.autoconfigure.web.servlet.error.BasicErrorController#errorHtml(HttpServletRequest, HttpServletResponse)
2024-08-13 13:21:08 [http-nio-8082-exec-5] DEBUG o.s.w.s.v.ContentNegotiatingViewResolver - Selected 'text/html' given [text/html, text/html;q=0.8]
2024-08-13 13:21:08 [http-nio-8082-exec-5] DEBUG o.s.web.servlet.DispatcherServlet - Exiting from "ERROR" dispatch, status 404
2024-08-13 13:21:08 [http-nio-8082-exec-6] DEBUG o.s.web.servlet.DispatcherServlet - GET "/favicon.ico", parameters={}
2024-08-13 13:21:08 [http-nio-8082-exec-6] DEBUG o.s.w.s.h.SimpleUrlHandlerMapping - Mapped to ResourceHttpRequestHandler [classpath [META-INF/resources/], classpath [resources/], classpath [static/], classpath [public/], ServletContext [/]]
2024-08-13 13:21:08 [http-nio-8082-exec-6] DEBUG o.s.w.s.r.ResourceHttpRequestHandler - Resource not found
2024-08-13 13:21:08 [http-nio-8082-exec-6] DEBUG o.s.web.servlet.DispatcherServlet - Completed 404 NOT_FOUND
2024-08-13 13:21:08 [http-nio-8082-exec-6] DEBUG o.s.web.servlet.DispatcherServlet - "ERROR" dispatch for GET "/error", parameters={}
2024-08-13 13:21:08 [http-nio-8082-exec-6] DEBUG o.s.w.s.m.m.a.RequestMappingHandlerMapping - Mapped to org.springframework.boot.autoconfigure.web.servlet.error.BasicErrorController#error(HttpServletRequest)
2024-08-13 13:21:08 [http-nio-8082-exec-6] DEBUG o.s.w.s.m.m.a.HttpEntityMethodProcessor - Using 'application/json;q=0.8', given [image/avif, image/webp, image/apng, image/svg+xml, image/*, */*;q=0.8] and supported [application/json, application/*+json, application/json, application/*+json]
2024-08-13 13:21:08 [http-nio-8082-exec-6] DEBUG o.s.w.s.m.m.a.HttpEntityMethodProcessor - Writing [{timestamp=Tue Aug 13 13:21:08 CST 2024, status=404, error=Not Found, path=/favicon.ico}]
2024-08-13 13:21:08 [http-nio-8082-exec-6] DEBUG o.s.web.servlet.DispatcherServlet - Exiting from "ERROR" dispatch, status 404
2024-08-13 13:48:39 [SpringApplicationShutdownHook] INFO  com.zaxxer.hikari.HikariDataSource - HikariPool-1 - Shutdown initiated...
2024-08-13 13:48:39 [SpringApplicationShutdownHook] INFO  com.zaxxer.hikari.HikariDataSource - HikariPool-1 - Shutdown completed.
2024-08-13 15:18:17 [main] INFO  c.z.e.ExternalServiceApplication - Starting ExternalServiceApplication using Java 1.8.0_321 on LAPTOP-LFLPN0L4 with PID 17620 (C:\work\smoke\后端\JLT_SpringBootV--V2\JLT_SpringBoot\JLT\JLT-ExternalService\target\classes started by kae in C:\work\smoke\后端\JLT_SpringBootV--V2\JLT_SpringBoot\JLT)
2024-08-13 15:18:17 [main] DEBUG c.z.e.ExternalServiceApplication - Running with Spring Boot v2.7.12, Spring v5.3.27
2024-08-13 15:18:17 [main] INFO  c.z.e.ExternalServiceApplication - No active profile set, falling back to 1 default profile: "default"
2024-08-13 15:18:17 [main] DEBUG o.m.s.mapper.ClassPathMapperScanner - Identified candidate component class: file [C:\work\smoke\后端\JLT_SpringBootV--V2\JLT_SpringBoot\JLT\JLT-ExternalService\target\classes\com\zsc\externalservice\mapper\CustomerMapper.class]
2024-08-13 15:18:17 [main] DEBUG o.m.s.mapper.ClassPathMapperScanner - Identified candidate component class: file [C:\work\smoke\后端\JLT_SpringBootV--V2\JLT_SpringBoot\JLT\JLT-ExternalService\target\classes\com\zsc\externalservice\mapper\PriceTagMapper.class]
2024-08-13 15:18:17 [main] DEBUG o.m.s.mapper.ClassPathMapperScanner - Creating MapperFactoryBean with name 'customerMapper' and 'com.zsc.externalservice.mapper.CustomerMapper' mapperInterface
2024-08-13 15:18:17 [main] DEBUG o.m.s.mapper.ClassPathMapperScanner - Enabling autowire by type for MapperFactoryBean with name 'customerMapper'.
2024-08-13 15:18:17 [main] DEBUG o.m.s.mapper.ClassPathMapperScanner - Creating MapperFactoryBean with name 'priceTagMapper' and 'com.zsc.externalservice.mapper.PriceTagMapper' mapperInterface
2024-08-13 15:18:17 [main] DEBUG o.m.s.mapper.ClassPathMapperScanner - Enabling autowire by type for MapperFactoryBean with name 'priceTagMapper'.
2024-08-13 15:18:17 [main] INFO  o.s.b.w.e.tomcat.TomcatWebServer - Tomcat initialized with port(s): 8082 (http)
2024-08-13 15:18:17 [main] INFO  o.a.catalina.core.StandardService - Starting service [Tomcat]
2024-08-13 15:18:17 [main] INFO  o.a.catalina.core.StandardEngine - Starting Servlet engine: [Apache Tomcat/9.0.75]
2024-08-13 15:18:17 [main] INFO  o.a.c.c.C.[Tomcat].[localhost].[/] - Initializing Spring embedded WebApplicationContext
2024-08-13 15:18:17 [main] INFO  o.s.b.w.s.c.ServletWebServerApplicationContext - Root WebApplicationContext: initialization completed in 688 ms
2024-08-13 15:18:17 [main] DEBUG o.m.spring.SqlSessionFactoryBean - Property 'mapperLocations' was not specified.
2024-08-13 15:18:18 [main] DEBUG o.s.w.s.m.m.a.RequestMappingHandlerAdapter - ControllerAdvice beans: 0 @ModelAttribute, 0 @InitBinder, 1 RequestBodyAdvice, 1 ResponseBodyAdvice
2024-08-13 15:18:18 [main] INFO  o.s.b.a.w.s.WelcomePageHandlerMapping - Adding welcome page: class path resource [static/index.html]
2024-08-13 15:18:18 [main] DEBUG o.s.w.s.m.m.a.RequestMappingHandlerMapping - 9 mappings in 'requestMappingHandlerMapping'
2024-08-13 15:18:18 [main] DEBUG o.s.w.s.h.SimpleUrlHandlerMapping - Patterns [/webjars/**, /**] in 'resourceHandlerMapping'
2024-08-13 15:18:18 [main] DEBUG o.s.w.s.m.m.a.ExceptionHandlerExceptionResolver - ControllerAdvice beans: 0 @ExceptionHandler, 1 ResponseBodyAdvice
2024-08-13 15:18:18 [main] INFO  o.s.b.w.e.tomcat.TomcatWebServer - Tomcat started on port(s): 8082 (http) with context path ''
2024-08-13 15:18:18 [main] INFO  c.z.e.ExternalServiceApplication - Started ExternalServiceApplication in 1.33 seconds (JVM running for 1.72)
