2024-08-21 16:07:36 [main] WARN  o.s.b.t.j.DuplicateJsonObjectContextCustomizerFactory$DuplicateJsonObjectContextCustomizer - 

Found multiple occurrences of org.json.JSONObject on the class path:

	jar:file:/D:/superEngineering/Java/m2/com/vaadin/external/google/android-json/0.0.20131108.vaadin1/android-json-0.0.20131108.vaadin1.jar!/org/json/JSONObject.class
	jar:file:/D:/superEngineering/Java/m2/org/json/json/20210307/json-20210307.jar!/org/json/JSONObject.class

You may wish to exclude one of them to ensure predictable runtime behavior

2024-08-21 16:07:36 [main] INFO  c.z.j.JtlWxappApplicationTests - Starting JtlWxappApplicationTests using Java 1.8.0_411 on LQY with PID 500 (started by 林祺耀 in D:\superEngineering\Java\JLT_SpringBootV20240817\JLT_SpringBootV--0817kuang\JLT_SpringBoot\JLT\JLT-WXAPP)
2024-08-21 16:07:36 [main] DEBUG c.z.j.JtlWxappApplicationTests - Running with Spring Boot v2.7.12, Spring v5.3.27
2024-08-21 16:07:36 [main] INFO  c.z.j.JtlWxappApplicationTests - The following 1 profile is active: "dev"
2024-08-21 16:07:37 [main] DEBUG o.s.w.c.s.GenericWebApplicationContext - Refreshing org.springframework.web.context.support.GenericWebApplicationContext@36546a22
2024-08-21 16:07:37 [main] DEBUG o.m.s.mapper.ClassPathMapperScanner - Identified candidate component class: file [D:\superEngineering\Java\JLT_SpringBootV20240817\JLT_SpringBootV--0817kuang\JLT_SpringBoot\JLT\JLT-WXAPP\target\classes\com\zsc\wxapp\mapper\AnnouncementMapper.class]
2024-08-21 16:07:37 [main] DEBUG o.m.s.mapper.ClassPathMapperScanner - Identified candidate component class: file [D:\superEngineering\Java\JLT_SpringBootV20240817\JLT_SpringBootV--0817kuang\JLT_SpringBoot\JLT\JLT-WXAPP\target\classes\com\zsc\wxapp\mapper\CigaretteMapper.class]
2024-08-21 16:07:37 [main] DEBUG o.m.s.mapper.ClassPathMapperScanner - Identified candidate component class: file [D:\superEngineering\Java\JLT_SpringBootV20240817\JLT_SpringBootV--0817kuang\JLT_SpringBoot\JLT\JLT-WXAPP\target\classes\com\zsc\wxapp\mapper\DailyquotesMapper.class]
2024-08-21 16:07:37 [main] DEBUG o.m.s.mapper.ClassPathMapperScanner - Identified candidate component class: file [D:\superEngineering\Java\JLT_SpringBootV20240817\JLT_SpringBootV--0817kuang\JLT_SpringBoot\JLT\JLT-WXAPP\target\classes\com\zsc\wxapp\mapper\PicUrlMapper.class]
2024-08-21 16:07:37 [main] DEBUG o.m.s.mapper.ClassPathMapperScanner - Identified candidate component class: file [D:\superEngineering\Java\JLT_SpringBootV20240817\JLT_SpringBootV--0817kuang\JLT_SpringBoot\JLT\JLT-WXAPP\target\classes\com\zsc\wxapp\mapper\PriceTag1Mapper.class]
2024-08-21 16:07:37 [main] DEBUG o.m.s.mapper.ClassPathMapperScanner - Identified candidate component class: file [D:\superEngineering\Java\JLT_SpringBootV20240817\JLT_SpringBootV--0817kuang\JLT_SpringBoot\JLT\JLT-WXAPP\target\classes\com\zsc\wxapp\mapper\PriceTagMapper.class]
2024-08-21 16:07:37 [main] DEBUG o.m.s.mapper.ClassPathMapperScanner - Identified candidate component class: file [D:\superEngineering\Java\JLT_SpringBootV20240817\JLT_SpringBootV--0817kuang\JLT_SpringBoot\JLT\JLT-WXAPP\target\classes\com\zsc\wxapp\mapper\PriceTimeMapper.class]
2024-08-21 16:07:37 [main] DEBUG o.m.s.mapper.ClassPathMapperScanner - Identified candidate component class: file [D:\superEngineering\Java\JLT_SpringBootV20240817\JLT_SpringBootV--0817kuang\JLT_SpringBoot\JLT\JLT-WXAPP\target\classes\com\zsc\wxapp\mapper\UserinfoMapper.class]
2024-08-21 16:07:37 [main] DEBUG o.m.s.mapper.ClassPathMapperScanner - Creating MapperFactoryBean with name 'announcementMapper' and 'com.zsc.wxapp.mapper.AnnouncementMapper' mapperInterface
2024-08-21 16:07:37 [main] DEBUG o.m.s.mapper.ClassPathMapperScanner - Enabling autowire by type for MapperFactoryBean with name 'announcementMapper'.
2024-08-21 16:07:37 [main] DEBUG o.m.s.mapper.ClassPathMapperScanner - Creating MapperFactoryBean with name 'cigaretteMapper' and 'com.zsc.wxapp.mapper.CigaretteMapper' mapperInterface
2024-08-21 16:07:37 [main] DEBUG o.m.s.mapper.ClassPathMapperScanner - Enabling autowire by type for MapperFactoryBean with name 'cigaretteMapper'.
2024-08-21 16:07:37 [main] DEBUG o.m.s.mapper.ClassPathMapperScanner - Creating MapperFactoryBean with name 'dailyquotesMapper' and 'com.zsc.wxapp.mapper.DailyquotesMapper' mapperInterface
2024-08-21 16:07:37 [main] DEBUG o.m.s.mapper.ClassPathMapperScanner - Enabling autowire by type for MapperFactoryBean with name 'dailyquotesMapper'.
2024-08-21 16:07:37 [main] DEBUG o.m.s.mapper.ClassPathMapperScanner - Creating MapperFactoryBean with name 'picUrlMapper' and 'com.zsc.wxapp.mapper.PicUrlMapper' mapperInterface
2024-08-21 16:07:37 [main] DEBUG o.m.s.mapper.ClassPathMapperScanner - Enabling autowire by type for MapperFactoryBean with name 'picUrlMapper'.
2024-08-21 16:07:37 [main] DEBUG o.m.s.mapper.ClassPathMapperScanner - Creating MapperFactoryBean with name 'priceTag1Mapper' and 'com.zsc.wxapp.mapper.PriceTag1Mapper' mapperInterface
2024-08-21 16:07:37 [main] DEBUG o.m.s.mapper.ClassPathMapperScanner - Enabling autowire by type for MapperFactoryBean with name 'priceTag1Mapper'.
2024-08-21 16:07:37 [main] DEBUG o.m.s.mapper.ClassPathMapperScanner - Creating MapperFactoryBean with name 'priceTagMapper' and 'com.zsc.wxapp.mapper.PriceTagMapper' mapperInterface
2024-08-21 16:07:37 [main] DEBUG o.m.s.mapper.ClassPathMapperScanner - Enabling autowire by type for MapperFactoryBean with name 'priceTagMapper'.
2024-08-21 16:07:37 [main] DEBUG o.m.s.mapper.ClassPathMapperScanner - Creating MapperFactoryBean with name 'priceTimeMapper' and 'com.zsc.wxapp.mapper.PriceTimeMapper' mapperInterface
2024-08-21 16:07:37 [main] DEBUG o.m.s.mapper.ClassPathMapperScanner - Enabling autowire by type for MapperFactoryBean with name 'priceTimeMapper'.
2024-08-21 16:07:37 [main] DEBUG o.m.s.mapper.ClassPathMapperScanner - Creating MapperFactoryBean with name 'userinfoMapper' and 'com.zsc.wxapp.mapper.UserinfoMapper' mapperInterface
2024-08-21 16:07:37 [main] DEBUG o.m.s.mapper.ClassPathMapperScanner - Enabling autowire by type for MapperFactoryBean with name 'userinfoMapper'.
2024-08-21 16:07:37 [main] INFO  o.s.cloud.context.scope.GenericScope - BeanFactory id=0b169cb4-4118-342d-a0c3-570d9eff222e
2024-08-21 16:07:39 [main] DEBUG o.m.spring.SqlSessionFactoryBean - Parsed mapper file: 'file [D:\superEngineering\Java\JLT_SpringBootV20240817\JLT_SpringBootV--0817kuang\JLT_SpringBoot\JLT\JLT-WXAPP\target\classes\mapper\AnnouncementMapper.xml]'
2024-08-21 16:07:39 [main] DEBUG o.m.spring.SqlSessionFactoryBean - Parsed mapper file: 'file [D:\superEngineering\Java\JLT_SpringBootV20240817\JLT_SpringBootV--0817kuang\JLT_SpringBoot\JLT\JLT-WXAPP\target\classes\mapper\CigaretteMapper.xml]'
2024-08-21 16:07:39 [main] DEBUG o.m.spring.SqlSessionFactoryBean - Parsed mapper file: 'file [D:\superEngineering\Java\JLT_SpringBootV20240817\JLT_SpringBootV--0817kuang\JLT_SpringBoot\JLT\JLT-WXAPP\target\classes\mapper\DailyquotesMapper.xml]'
2024-08-21 16:07:39 [main] DEBUG o.m.spring.SqlSessionFactoryBean - Parsed mapper file: 'file [D:\superEngineering\Java\JLT_SpringBootV20240817\JLT_SpringBootV--0817kuang\JLT_SpringBoot\JLT\JLT-WXAPP\target\classes\mapper\PicUrlMapper.xml]'
2024-08-21 16:07:39 [main] DEBUG o.m.spring.SqlSessionFactoryBean - Parsed mapper file: 'file [D:\superEngineering\Java\JLT_SpringBootV20240817\JLT_SpringBootV--0817kuang\JLT_SpringBoot\JLT\JLT-WXAPP\target\classes\mapper\PriceTagMapper.xml]'
2024-08-21 16:07:39 [main] DEBUG o.m.spring.SqlSessionFactoryBean - Parsed mapper file: 'file [D:\superEngineering\Java\JLT_SpringBootV20240817\JLT_SpringBootV--0817kuang\JLT_SpringBoot\JLT\JLT-WXAPP\target\classes\mapper\PriceTimeMapper.xml]'
2024-08-21 16:07:39 [main] DEBUG o.m.spring.SqlSessionFactoryBean - Parsed mapper file: 'file [D:\superEngineering\Java\JLT_SpringBootV20240817\JLT_SpringBootV--0817kuang\JLT_SpringBoot\JLT\JLT-WXAPP\target\classes\mapper\UserinfoMapper.xml]'
2024-08-21 16:07:40 [main] INFO  c.z.wxapp.config.WebMvcConfiguration - 注册自定义拦截器
2024-08-21 16:07:40 [main] DEBUG o.s.w.s.m.m.a.RequestMappingHandlerMapping - 35 mappings in 'requestMappingHandlerMapping'
2024-08-21 16:07:40 [main] INFO  c.z.wxapp.config.WebMvcConfiguration - 生成swagger接口文档
2024-08-21 16:07:40 [main] INFO  c.z.wxapp.config.WebMvcConfiguration - 开始设置消息转换器
2024-08-21 16:07:40 [main] INFO  c.z.wxapp.config.WebMvcConfiguration - 开始设置静态资源映射
2024-08-21 16:07:40 [main] DEBUG o.s.w.s.h.SimpleUrlHandlerMapping - Patterns [/doc.html, /webjars/**] in 'resourceHandlerMapping'
2024-08-21 16:07:40 [main] DEBUG o.s.w.s.m.m.a.RequestMappingHandlerAdapter - ControllerAdvice beans: 0 @ModelAttribute, 0 @InitBinder, 1 RequestBodyAdvice, 1 ResponseBodyAdvice
2024-08-21 16:07:40 [main] DEBUG o.s.w.s.m.m.a.ExceptionHandlerExceptionResolver - ControllerAdvice beans: 0 @ExceptionHandler, 1 ResponseBodyAdvice
2024-08-21 16:07:41 [main] WARN  s.d.s.r.o.OperationImplicitParameterReader - Unable to interpret the implicit parameter configuration with dataType: String, dataTypeClass: class java.lang.Void
2024-08-21 16:07:41 [main] INFO  c.z.j.JtlWxappApplicationTests - Started JtlWxappApplicationTests in 5.402 seconds (JVM running for 6.192)
2024-08-21 16:07:41 [SpringApplicationShutdownHook] DEBUG o.s.w.c.s.GenericWebApplicationContext - Closing org.springframework.web.context.support.GenericWebApplicationContext@36546a22, started on Wed Aug 21 16:07:37 CST 2024
2024-08-21 16:10:32 [main] WARN  o.s.b.t.j.DuplicateJsonObjectContextCustomizerFactory$DuplicateJsonObjectContextCustomizer - 

Found multiple occurrences of org.json.JSONObject on the class path:

	jar:file:/D:/superEngineering/Java/m2/com/vaadin/external/google/android-json/0.0.20131108.vaadin1/android-json-0.0.20131108.vaadin1.jar!/org/json/JSONObject.class
	jar:file:/D:/superEngineering/Java/m2/org/json/json/20210307/json-20210307.jar!/org/json/JSONObject.class

You may wish to exclude one of them to ensure predictable runtime behavior

2024-08-21 16:10:32 [main] INFO  c.z.j.JtlWxappApplicationTests - Starting JtlWxappApplicationTests using Java 1.8.0_411 on LQY with PID 35916 (started by 林祺耀 in D:\superEngineering\Java\JLT_SpringBootV20240817\JLT_SpringBootV--0817kuang\JLT_SpringBoot\JLT\JLT-WXAPP)
2024-08-21 16:10:32 [main] DEBUG c.z.j.JtlWxappApplicationTests - Running with Spring Boot v2.7.12, Spring v5.3.27
2024-08-21 16:10:32 [main] INFO  c.z.j.JtlWxappApplicationTests - The following 1 profile is active: "dev"
2024-08-21 16:10:32 [main] DEBUG o.s.w.c.s.GenericWebApplicationContext - Refreshing org.springframework.web.context.support.GenericWebApplicationContext@295eaa7c
2024-08-21 16:10:33 [main] DEBUG o.m.s.mapper.ClassPathMapperScanner - Identified candidate component class: file [D:\superEngineering\Java\JLT_SpringBootV20240817\JLT_SpringBootV--0817kuang\JLT_SpringBoot\JLT\JLT-WXAPP\target\classes\com\zsc\wxapp\mapper\AnnouncementMapper.class]
2024-08-21 16:10:33 [main] DEBUG o.m.s.mapper.ClassPathMapperScanner - Identified candidate component class: file [D:\superEngineering\Java\JLT_SpringBootV20240817\JLT_SpringBootV--0817kuang\JLT_SpringBoot\JLT\JLT-WXAPP\target\classes\com\zsc\wxapp\mapper\CigaretteMapper.class]
2024-08-21 16:10:33 [main] DEBUG o.m.s.mapper.ClassPathMapperScanner - Identified candidate component class: file [D:\superEngineering\Java\JLT_SpringBootV20240817\JLT_SpringBootV--0817kuang\JLT_SpringBoot\JLT\JLT-WXAPP\target\classes\com\zsc\wxapp\mapper\DailyquotesMapper.class]
2024-08-21 16:10:33 [main] DEBUG o.m.s.mapper.ClassPathMapperScanner - Identified candidate component class: file [D:\superEngineering\Java\JLT_SpringBootV20240817\JLT_SpringBootV--0817kuang\JLT_SpringBoot\JLT\JLT-WXAPP\target\classes\com\zsc\wxapp\mapper\PicUrlMapper.class]
2024-08-21 16:10:33 [main] DEBUG o.m.s.mapper.ClassPathMapperScanner - Identified candidate component class: file [D:\superEngineering\Java\JLT_SpringBootV20240817\JLT_SpringBootV--0817kuang\JLT_SpringBoot\JLT\JLT-WXAPP\target\classes\com\zsc\wxapp\mapper\PriceTag1Mapper.class]
2024-08-21 16:10:33 [main] DEBUG o.m.s.mapper.ClassPathMapperScanner - Identified candidate component class: file [D:\superEngineering\Java\JLT_SpringBootV20240817\JLT_SpringBootV--0817kuang\JLT_SpringBoot\JLT\JLT-WXAPP\target\classes\com\zsc\wxapp\mapper\PriceTagMapper.class]
2024-08-21 16:10:33 [main] DEBUG o.m.s.mapper.ClassPathMapperScanner - Identified candidate component class: file [D:\superEngineering\Java\JLT_SpringBootV20240817\JLT_SpringBootV--0817kuang\JLT_SpringBoot\JLT\JLT-WXAPP\target\classes\com\zsc\wxapp\mapper\PriceTimeMapper.class]
2024-08-21 16:10:33 [main] DEBUG o.m.s.mapper.ClassPathMapperScanner - Identified candidate component class: file [D:\superEngineering\Java\JLT_SpringBootV20240817\JLT_SpringBootV--0817kuang\JLT_SpringBoot\JLT\JLT-WXAPP\target\classes\com\zsc\wxapp\mapper\UserinfoMapper.class]
2024-08-21 16:10:33 [main] DEBUG o.m.s.mapper.ClassPathMapperScanner - Creating MapperFactoryBean with name 'announcementMapper' and 'com.zsc.wxapp.mapper.AnnouncementMapper' mapperInterface
2024-08-21 16:10:33 [main] DEBUG o.m.s.mapper.ClassPathMapperScanner - Enabling autowire by type for MapperFactoryBean with name 'announcementMapper'.
2024-08-21 16:10:33 [main] DEBUG o.m.s.mapper.ClassPathMapperScanner - Creating MapperFactoryBean with name 'cigaretteMapper' and 'com.zsc.wxapp.mapper.CigaretteMapper' mapperInterface
2024-08-21 16:10:33 [main] DEBUG o.m.s.mapper.ClassPathMapperScanner - Enabling autowire by type for MapperFactoryBean with name 'cigaretteMapper'.
2024-08-21 16:10:33 [main] DEBUG o.m.s.mapper.ClassPathMapperScanner - Creating MapperFactoryBean with name 'dailyquotesMapper' and 'com.zsc.wxapp.mapper.DailyquotesMapper' mapperInterface
2024-08-21 16:10:33 [main] DEBUG o.m.s.mapper.ClassPathMapperScanner - Enabling autowire by type for MapperFactoryBean with name 'dailyquotesMapper'.
2024-08-21 16:10:33 [main] DEBUG o.m.s.mapper.ClassPathMapperScanner - Creating MapperFactoryBean with name 'picUrlMapper' and 'com.zsc.wxapp.mapper.PicUrlMapper' mapperInterface
2024-08-21 16:10:33 [main] DEBUG o.m.s.mapper.ClassPathMapperScanner - Enabling autowire by type for MapperFactoryBean with name 'picUrlMapper'.
2024-08-21 16:10:33 [main] DEBUG o.m.s.mapper.ClassPathMapperScanner - Creating MapperFactoryBean with name 'priceTag1Mapper' and 'com.zsc.wxapp.mapper.PriceTag1Mapper' mapperInterface
2024-08-21 16:10:33 [main] DEBUG o.m.s.mapper.ClassPathMapperScanner - Enabling autowire by type for MapperFactoryBean with name 'priceTag1Mapper'.
2024-08-21 16:10:33 [main] DEBUG o.m.s.mapper.ClassPathMapperScanner - Creating MapperFactoryBean with name 'priceTagMapper' and 'com.zsc.wxapp.mapper.PriceTagMapper' mapperInterface
2024-08-21 16:10:33 [main] DEBUG o.m.s.mapper.ClassPathMapperScanner - Enabling autowire by type for MapperFactoryBean with name 'priceTagMapper'.
2024-08-21 16:10:33 [main] DEBUG o.m.s.mapper.ClassPathMapperScanner - Creating MapperFactoryBean with name 'priceTimeMapper' and 'com.zsc.wxapp.mapper.PriceTimeMapper' mapperInterface
2024-08-21 16:10:33 [main] DEBUG o.m.s.mapper.ClassPathMapperScanner - Enabling autowire by type for MapperFactoryBean with name 'priceTimeMapper'.
2024-08-21 16:10:33 [main] DEBUG o.m.s.mapper.ClassPathMapperScanner - Creating MapperFactoryBean with name 'userinfoMapper' and 'com.zsc.wxapp.mapper.UserinfoMapper' mapperInterface
2024-08-21 16:10:33 [main] DEBUG o.m.s.mapper.ClassPathMapperScanner - Enabling autowire by type for MapperFactoryBean with name 'userinfoMapper'.
2024-08-21 16:10:33 [main] INFO  o.s.cloud.context.scope.GenericScope - BeanFactory id=0b169cb4-4118-342d-a0c3-570d9eff222e
2024-08-21 16:10:35 [main] DEBUG o.m.spring.SqlSessionFactoryBean - Parsed mapper file: 'file [D:\superEngineering\Java\JLT_SpringBootV20240817\JLT_SpringBootV--0817kuang\JLT_SpringBoot\JLT\JLT-WXAPP\target\classes\mapper\AnnouncementMapper.xml]'
2024-08-21 16:10:35 [main] DEBUG o.m.spring.SqlSessionFactoryBean - Parsed mapper file: 'file [D:\superEngineering\Java\JLT_SpringBootV20240817\JLT_SpringBootV--0817kuang\JLT_SpringBoot\JLT\JLT-WXAPP\target\classes\mapper\CigaretteMapper.xml]'
2024-08-21 16:10:35 [main] DEBUG o.m.spring.SqlSessionFactoryBean - Parsed mapper file: 'file [D:\superEngineering\Java\JLT_SpringBootV20240817\JLT_SpringBootV--0817kuang\JLT_SpringBoot\JLT\JLT-WXAPP\target\classes\mapper\DailyquotesMapper.xml]'
2024-08-21 16:10:35 [main] DEBUG o.m.spring.SqlSessionFactoryBean - Parsed mapper file: 'file [D:\superEngineering\Java\JLT_SpringBootV20240817\JLT_SpringBootV--0817kuang\JLT_SpringBoot\JLT\JLT-WXAPP\target\classes\mapper\PicUrlMapper.xml]'
2024-08-21 16:10:35 [main] DEBUG o.m.spring.SqlSessionFactoryBean - Parsed mapper file: 'file [D:\superEngineering\Java\JLT_SpringBootV20240817\JLT_SpringBootV--0817kuang\JLT_SpringBoot\JLT\JLT-WXAPP\target\classes\mapper\PriceTagMapper.xml]'
2024-08-21 16:10:35 [main] DEBUG o.m.spring.SqlSessionFactoryBean - Parsed mapper file: 'file [D:\superEngineering\Java\JLT_SpringBootV20240817\JLT_SpringBootV--0817kuang\JLT_SpringBoot\JLT\JLT-WXAPP\target\classes\mapper\PriceTimeMapper.xml]'
2024-08-21 16:10:35 [main] DEBUG o.m.spring.SqlSessionFactoryBean - Parsed mapper file: 'file [D:\superEngineering\Java\JLT_SpringBootV20240817\JLT_SpringBootV--0817kuang\JLT_SpringBoot\JLT\JLT-WXAPP\target\classes\mapper\UserinfoMapper.xml]'
2024-08-21 16:10:35 [main] INFO  c.z.wxapp.config.WebMvcConfiguration - 注册自定义拦截器
2024-08-21 16:10:35 [main] DEBUG o.s.w.s.m.m.a.RequestMappingHandlerMapping - 35 mappings in 'requestMappingHandlerMapping'
2024-08-21 16:10:36 [main] INFO  c.z.wxapp.config.WebMvcConfiguration - 生成swagger接口文档
2024-08-21 16:10:36 [main] INFO  c.z.wxapp.config.WebMvcConfiguration - 开始设置消息转换器
2024-08-21 16:10:36 [main] INFO  c.z.wxapp.config.WebMvcConfiguration - 开始设置静态资源映射
2024-08-21 16:10:36 [main] DEBUG o.s.w.s.h.SimpleUrlHandlerMapping - Patterns [/doc.html, /webjars/**] in 'resourceHandlerMapping'
2024-08-21 16:10:36 [main] DEBUG o.s.w.s.m.m.a.RequestMappingHandlerAdapter - ControllerAdvice beans: 0 @ModelAttribute, 0 @InitBinder, 1 RequestBodyAdvice, 1 ResponseBodyAdvice
2024-08-21 16:10:36 [main] DEBUG o.s.w.s.m.m.a.ExceptionHandlerExceptionResolver - ControllerAdvice beans: 0 @ExceptionHandler, 1 ResponseBodyAdvice
2024-08-21 16:10:37 [main] WARN  s.d.s.r.o.OperationImplicitParameterReader - Unable to interpret the implicit parameter configuration with dataType: String, dataTypeClass: class java.lang.Void
2024-08-21 16:10:37 [main] INFO  c.z.j.JtlWxappApplicationTests - Started JtlWxappApplicationTests in 5.604 seconds (JVM running for 6.373)
2024-08-21 16:10:37 [SpringApplicationShutdownHook] DEBUG o.s.w.c.s.GenericWebApplicationContext - Closing org.springframework.web.context.support.GenericWebApplicationContext@295eaa7c, started on Wed Aug 21 16:10:32 CST 2024
2024-08-21 17:03:48 [main] WARN  o.s.b.t.j.DuplicateJsonObjectContextCustomizerFactory$DuplicateJsonObjectContextCustomizer - 

Found multiple occurrences of org.json.JSONObject on the class path:

	jar:file:/D:/superEngineering/Java/m2/com/vaadin/external/google/android-json/0.0.20131108.vaadin1/android-json-0.0.20131108.vaadin1.jar!/org/json/JSONObject.class
	jar:file:/D:/superEngineering/Java/m2/org/json/json/20210307/json-20210307.jar!/org/json/JSONObject.class

You may wish to exclude one of them to ensure predictable runtime behavior

2024-08-21 17:03:48 [main] INFO  c.z.j.JtlWxappApplicationTests - Starting JtlWxappApplicationTests using Java 1.8.0_411 on LQY with PID 19004 (started by 林祺耀 in D:\superEngineering\Java\JLT_SpringBootV20240817\JLT_SpringBootV--0817kuang\JLT_SpringBoot\JLT\JLT-WXAPP)
2024-08-21 17:03:48 [main] DEBUG c.z.j.JtlWxappApplicationTests - Running with Spring Boot v2.7.12, Spring v5.3.27
2024-08-21 17:03:48 [main] INFO  c.z.j.JtlWxappApplicationTests - The following 1 profile is active: "dev"
2024-08-21 17:03:48 [main] DEBUG o.s.w.c.s.GenericWebApplicationContext - Refreshing org.springframework.web.context.support.GenericWebApplicationContext@295eaa7c
2024-08-21 17:03:49 [main] DEBUG o.m.s.mapper.ClassPathMapperScanner - Identified candidate component class: file [D:\superEngineering\Java\JLT_SpringBootV20240817\JLT_SpringBootV--0817kuang\JLT_SpringBoot\JLT\JLT-WXAPP\target\classes\com\zsc\wxapp\mapper\AnnouncementMapper.class]
2024-08-21 17:03:49 [main] DEBUG o.m.s.mapper.ClassPathMapperScanner - Identified candidate component class: file [D:\superEngineering\Java\JLT_SpringBootV20240817\JLT_SpringBootV--0817kuang\JLT_SpringBoot\JLT\JLT-WXAPP\target\classes\com\zsc\wxapp\mapper\CigaretteMapper.class]
2024-08-21 17:03:49 [main] DEBUG o.m.s.mapper.ClassPathMapperScanner - Identified candidate component class: file [D:\superEngineering\Java\JLT_SpringBootV20240817\JLT_SpringBootV--0817kuang\JLT_SpringBoot\JLT\JLT-WXAPP\target\classes\com\zsc\wxapp\mapper\DailyquotesMapper.class]
2024-08-21 17:03:49 [main] DEBUG o.m.s.mapper.ClassPathMapperScanner - Identified candidate component class: file [D:\superEngineering\Java\JLT_SpringBootV20240817\JLT_SpringBootV--0817kuang\JLT_SpringBoot\JLT\JLT-WXAPP\target\classes\com\zsc\wxapp\mapper\PicUrlMapper.class]
2024-08-21 17:03:49 [main] DEBUG o.m.s.mapper.ClassPathMapperScanner - Identified candidate component class: file [D:\superEngineering\Java\JLT_SpringBootV20240817\JLT_SpringBootV--0817kuang\JLT_SpringBoot\JLT\JLT-WXAPP\target\classes\com\zsc\wxapp\mapper\PriceTag1Mapper.class]
2024-08-21 17:03:49 [main] DEBUG o.m.s.mapper.ClassPathMapperScanner - Identified candidate component class: file [D:\superEngineering\Java\JLT_SpringBootV20240817\JLT_SpringBootV--0817kuang\JLT_SpringBoot\JLT\JLT-WXAPP\target\classes\com\zsc\wxapp\mapper\PriceTagMapper.class]
2024-08-21 17:03:49 [main] DEBUG o.m.s.mapper.ClassPathMapperScanner - Identified candidate component class: file [D:\superEngineering\Java\JLT_SpringBootV20240817\JLT_SpringBootV--0817kuang\JLT_SpringBoot\JLT\JLT-WXAPP\target\classes\com\zsc\wxapp\mapper\PriceTimeMapper.class]
2024-08-21 17:03:49 [main] DEBUG o.m.s.mapper.ClassPathMapperScanner - Identified candidate component class: file [D:\superEngineering\Java\JLT_SpringBootV20240817\JLT_SpringBootV--0817kuang\JLT_SpringBoot\JLT\JLT-WXAPP\target\classes\com\zsc\wxapp\mapper\UserinfoMapper.class]
2024-08-21 17:03:49 [main] DEBUG o.m.s.mapper.ClassPathMapperScanner - Creating MapperFactoryBean with name 'announcementMapper' and 'com.zsc.wxapp.mapper.AnnouncementMapper' mapperInterface
2024-08-21 17:03:49 [main] DEBUG o.m.s.mapper.ClassPathMapperScanner - Enabling autowire by type for MapperFactoryBean with name 'announcementMapper'.
2024-08-21 17:03:49 [main] DEBUG o.m.s.mapper.ClassPathMapperScanner - Creating MapperFactoryBean with name 'cigaretteMapper' and 'com.zsc.wxapp.mapper.CigaretteMapper' mapperInterface
2024-08-21 17:03:49 [main] DEBUG o.m.s.mapper.ClassPathMapperScanner - Enabling autowire by type for MapperFactoryBean with name 'cigaretteMapper'.
2024-08-21 17:03:49 [main] DEBUG o.m.s.mapper.ClassPathMapperScanner - Creating MapperFactoryBean with name 'dailyquotesMapper' and 'com.zsc.wxapp.mapper.DailyquotesMapper' mapperInterface
2024-08-21 17:03:49 [main] DEBUG o.m.s.mapper.ClassPathMapperScanner - Enabling autowire by type for MapperFactoryBean with name 'dailyquotesMapper'.
2024-08-21 17:03:49 [main] DEBUG o.m.s.mapper.ClassPathMapperScanner - Creating MapperFactoryBean with name 'picUrlMapper' and 'com.zsc.wxapp.mapper.PicUrlMapper' mapperInterface
2024-08-21 17:03:49 [main] DEBUG o.m.s.mapper.ClassPathMapperScanner - Enabling autowire by type for MapperFactoryBean with name 'picUrlMapper'.
2024-08-21 17:03:49 [main] DEBUG o.m.s.mapper.ClassPathMapperScanner - Creating MapperFactoryBean with name 'priceTag1Mapper' and 'com.zsc.wxapp.mapper.PriceTag1Mapper' mapperInterface
2024-08-21 17:03:49 [main] DEBUG o.m.s.mapper.ClassPathMapperScanner - Enabling autowire by type for MapperFactoryBean with name 'priceTag1Mapper'.
2024-08-21 17:03:49 [main] DEBUG o.m.s.mapper.ClassPathMapperScanner - Creating MapperFactoryBean with name 'priceTagMapper' and 'com.zsc.wxapp.mapper.PriceTagMapper' mapperInterface
2024-08-21 17:03:49 [main] DEBUG o.m.s.mapper.ClassPathMapperScanner - Enabling autowire by type for MapperFactoryBean with name 'priceTagMapper'.
2024-08-21 17:03:49 [main] DEBUG o.m.s.mapper.ClassPathMapperScanner - Creating MapperFactoryBean with name 'priceTimeMapper' and 'com.zsc.wxapp.mapper.PriceTimeMapper' mapperInterface
2024-08-21 17:03:49 [main] DEBUG o.m.s.mapper.ClassPathMapperScanner - Enabling autowire by type for MapperFactoryBean with name 'priceTimeMapper'.
2024-08-21 17:03:49 [main] DEBUG o.m.s.mapper.ClassPathMapperScanner - Creating MapperFactoryBean with name 'userinfoMapper' and 'com.zsc.wxapp.mapper.UserinfoMapper' mapperInterface
2024-08-21 17:03:49 [main] DEBUG o.m.s.mapper.ClassPathMapperScanner - Enabling autowire by type for MapperFactoryBean with name 'userinfoMapper'.
2024-08-21 17:03:49 [main] INFO  o.s.cloud.context.scope.GenericScope - BeanFactory id=0b169cb4-4118-342d-a0c3-570d9eff222e
2024-08-21 17:03:50 [main] DEBUG o.m.spring.SqlSessionFactoryBean - Parsed mapper file: 'file [D:\superEngineering\Java\JLT_SpringBootV20240817\JLT_SpringBootV--0817kuang\JLT_SpringBoot\JLT\JLT-WXAPP\target\classes\mapper\AnnouncementMapper.xml]'
2024-08-21 17:03:50 [main] DEBUG o.m.spring.SqlSessionFactoryBean - Parsed mapper file: 'file [D:\superEngineering\Java\JLT_SpringBootV20240817\JLT_SpringBootV--0817kuang\JLT_SpringBoot\JLT\JLT-WXAPP\target\classes\mapper\CigaretteMapper.xml]'
2024-08-21 17:03:50 [main] DEBUG o.m.spring.SqlSessionFactoryBean - Parsed mapper file: 'file [D:\superEngineering\Java\JLT_SpringBootV20240817\JLT_SpringBootV--0817kuang\JLT_SpringBoot\JLT\JLT-WXAPP\target\classes\mapper\DailyquotesMapper.xml]'
2024-08-21 17:03:50 [main] DEBUG o.m.spring.SqlSessionFactoryBean - Parsed mapper file: 'file [D:\superEngineering\Java\JLT_SpringBootV20240817\JLT_SpringBootV--0817kuang\JLT_SpringBoot\JLT\JLT-WXAPP\target\classes\mapper\PicUrlMapper.xml]'
2024-08-21 17:03:50 [main] DEBUG o.m.spring.SqlSessionFactoryBean - Parsed mapper file: 'file [D:\superEngineering\Java\JLT_SpringBootV20240817\JLT_SpringBootV--0817kuang\JLT_SpringBoot\JLT\JLT-WXAPP\target\classes\mapper\PriceTagMapper.xml]'
2024-08-21 17:03:50 [main] DEBUG o.m.spring.SqlSessionFactoryBean - Parsed mapper file: 'file [D:\superEngineering\Java\JLT_SpringBootV20240817\JLT_SpringBootV--0817kuang\JLT_SpringBoot\JLT\JLT-WXAPP\target\classes\mapper\PriceTimeMapper.xml]'
2024-08-21 17:03:50 [main] DEBUG o.m.spring.SqlSessionFactoryBean - Parsed mapper file: 'file [D:\superEngineering\Java\JLT_SpringBootV20240817\JLT_SpringBootV--0817kuang\JLT_SpringBoot\JLT\JLT-WXAPP\target\classes\mapper\UserinfoMapper.xml]'
2024-08-21 17:03:51 [main] INFO  c.z.wxapp.config.WebMvcConfiguration - 注册自定义拦截器
2024-08-21 17:03:51 [main] DEBUG o.s.w.s.m.m.a.RequestMappingHandlerMapping - 35 mappings in 'requestMappingHandlerMapping'
2024-08-21 17:03:51 [main] INFO  c.z.wxapp.config.WebMvcConfiguration - 生成swagger接口文档
2024-08-21 17:03:51 [main] INFO  c.z.wxapp.config.WebMvcConfiguration - 开始设置消息转换器
2024-08-21 17:03:51 [main] INFO  c.z.wxapp.config.WebMvcConfiguration - 开始设置静态资源映射
2024-08-21 17:03:51 [main] DEBUG o.s.w.s.h.SimpleUrlHandlerMapping - Patterns [/doc.html, /webjars/**] in 'resourceHandlerMapping'
2024-08-21 17:03:51 [main] DEBUG o.s.w.s.m.m.a.RequestMappingHandlerAdapter - ControllerAdvice beans: 0 @ModelAttribute, 0 @InitBinder, 1 RequestBodyAdvice, 1 ResponseBodyAdvice
2024-08-21 17:03:51 [main] DEBUG o.s.w.s.m.m.a.ExceptionHandlerExceptionResolver - ControllerAdvice beans: 0 @ExceptionHandler, 1 ResponseBodyAdvice
2024-08-21 17:03:53 [main] WARN  s.d.s.r.o.OperationImplicitParameterReader - Unable to interpret the implicit parameter configuration with dataType: String, dataTypeClass: class java.lang.Void
2024-08-21 17:03:53 [main] INFO  c.z.j.JtlWxappApplicationTests - Started JtlWxappApplicationTests in 5.119 seconds (JVM running for 5.931)
2024-08-21 17:03:53 [SpringApplicationShutdownHook] DEBUG o.s.w.c.s.GenericWebApplicationContext - Closing org.springframework.web.context.support.GenericWebApplicationContext@295eaa7c, started on Wed Aug 21 17:03:48 CST 2024
2024-08-21 17:05:06 [main] WARN  o.s.b.t.j.DuplicateJsonObjectContextCustomizerFactory$DuplicateJsonObjectContextCustomizer - 

Found multiple occurrences of org.json.JSONObject on the class path:

	jar:file:/D:/superEngineering/Java/m2/com/vaadin/external/google/android-json/0.0.20131108.vaadin1/android-json-0.0.20131108.vaadin1.jar!/org/json/JSONObject.class
	jar:file:/D:/superEngineering/Java/m2/org/json/json/20210307/json-20210307.jar!/org/json/JSONObject.class

You may wish to exclude one of them to ensure predictable runtime behavior

2024-08-21 17:05:06 [main] INFO  c.z.j.JtlWxappApplicationTests - Starting JtlWxappApplicationTests using Java 1.8.0_411 on LQY with PID 35332 (started by 林祺耀 in D:\superEngineering\Java\JLT_SpringBootV20240817\JLT_SpringBootV--0817kuang\JLT_SpringBoot\JLT\JLT-WXAPP)
2024-08-21 17:05:06 [main] DEBUG c.z.j.JtlWxappApplicationTests - Running with Spring Boot v2.7.12, Spring v5.3.27
2024-08-21 17:05:06 [main] INFO  c.z.j.JtlWxappApplicationTests - The following 1 profile is active: "dev"
2024-08-21 17:05:06 [main] DEBUG o.s.w.c.s.GenericWebApplicationContext - Refreshing org.springframework.web.context.support.GenericWebApplicationContext@295eaa7c
2024-08-21 17:05:07 [main] DEBUG o.m.s.mapper.ClassPathMapperScanner - Identified candidate component class: file [D:\superEngineering\Java\JLT_SpringBootV20240817\JLT_SpringBootV--0817kuang\JLT_SpringBoot\JLT\JLT-WXAPP\target\classes\com\zsc\wxapp\mapper\AnnouncementMapper.class]
2024-08-21 17:05:07 [main] DEBUG o.m.s.mapper.ClassPathMapperScanner - Identified candidate component class: file [D:\superEngineering\Java\JLT_SpringBootV20240817\JLT_SpringBootV--0817kuang\JLT_SpringBoot\JLT\JLT-WXAPP\target\classes\com\zsc\wxapp\mapper\CigaretteMapper.class]
2024-08-21 17:05:07 [main] DEBUG o.m.s.mapper.ClassPathMapperScanner - Identified candidate component class: file [D:\superEngineering\Java\JLT_SpringBootV20240817\JLT_SpringBootV--0817kuang\JLT_SpringBoot\JLT\JLT-WXAPP\target\classes\com\zsc\wxapp\mapper\DailyquotesMapper.class]
2024-08-21 17:05:07 [main] DEBUG o.m.s.mapper.ClassPathMapperScanner - Identified candidate component class: file [D:\superEngineering\Java\JLT_SpringBootV20240817\JLT_SpringBootV--0817kuang\JLT_SpringBoot\JLT\JLT-WXAPP\target\classes\com\zsc\wxapp\mapper\PicUrlMapper.class]
2024-08-21 17:05:07 [main] DEBUG o.m.s.mapper.ClassPathMapperScanner - Identified candidate component class: file [D:\superEngineering\Java\JLT_SpringBootV20240817\JLT_SpringBootV--0817kuang\JLT_SpringBoot\JLT\JLT-WXAPP\target\classes\com\zsc\wxapp\mapper\PriceTag1Mapper.class]
2024-08-21 17:05:07 [main] DEBUG o.m.s.mapper.ClassPathMapperScanner - Identified candidate component class: file [D:\superEngineering\Java\JLT_SpringBootV20240817\JLT_SpringBootV--0817kuang\JLT_SpringBoot\JLT\JLT-WXAPP\target\classes\com\zsc\wxapp\mapper\PriceTagMapper.class]
2024-08-21 17:05:07 [main] DEBUG o.m.s.mapper.ClassPathMapperScanner - Identified candidate component class: file [D:\superEngineering\Java\JLT_SpringBootV20240817\JLT_SpringBootV--0817kuang\JLT_SpringBoot\JLT\JLT-WXAPP\target\classes\com\zsc\wxapp\mapper\PriceTimeMapper.class]
2024-08-21 17:05:07 [main] DEBUG o.m.s.mapper.ClassPathMapperScanner - Identified candidate component class: file [D:\superEngineering\Java\JLT_SpringBootV20240817\JLT_SpringBootV--0817kuang\JLT_SpringBoot\JLT\JLT-WXAPP\target\classes\com\zsc\wxapp\mapper\UserinfoMapper.class]
2024-08-21 17:05:07 [main] DEBUG o.m.s.mapper.ClassPathMapperScanner - Creating MapperFactoryBean with name 'announcementMapper' and 'com.zsc.wxapp.mapper.AnnouncementMapper' mapperInterface
2024-08-21 17:05:07 [main] DEBUG o.m.s.mapper.ClassPathMapperScanner - Enabling autowire by type for MapperFactoryBean with name 'announcementMapper'.
2024-08-21 17:05:07 [main] DEBUG o.m.s.mapper.ClassPathMapperScanner - Creating MapperFactoryBean with name 'cigaretteMapper' and 'com.zsc.wxapp.mapper.CigaretteMapper' mapperInterface
2024-08-21 17:05:07 [main] DEBUG o.m.s.mapper.ClassPathMapperScanner - Enabling autowire by type for MapperFactoryBean with name 'cigaretteMapper'.
2024-08-21 17:05:07 [main] DEBUG o.m.s.mapper.ClassPathMapperScanner - Creating MapperFactoryBean with name 'dailyquotesMapper' and 'com.zsc.wxapp.mapper.DailyquotesMapper' mapperInterface
2024-08-21 17:05:07 [main] DEBUG o.m.s.mapper.ClassPathMapperScanner - Enabling autowire by type for MapperFactoryBean with name 'dailyquotesMapper'.
2024-08-21 17:05:07 [main] DEBUG o.m.s.mapper.ClassPathMapperScanner - Creating MapperFactoryBean with name 'picUrlMapper' and 'com.zsc.wxapp.mapper.PicUrlMapper' mapperInterface
2024-08-21 17:05:07 [main] DEBUG o.m.s.mapper.ClassPathMapperScanner - Enabling autowire by type for MapperFactoryBean with name 'picUrlMapper'.
2024-08-21 17:05:07 [main] DEBUG o.m.s.mapper.ClassPathMapperScanner - Creating MapperFactoryBean with name 'priceTag1Mapper' and 'com.zsc.wxapp.mapper.PriceTag1Mapper' mapperInterface
2024-08-21 17:05:07 [main] DEBUG o.m.s.mapper.ClassPathMapperScanner - Enabling autowire by type for MapperFactoryBean with name 'priceTag1Mapper'.
2024-08-21 17:05:07 [main] DEBUG o.m.s.mapper.ClassPathMapperScanner - Creating MapperFactoryBean with name 'priceTagMapper' and 'com.zsc.wxapp.mapper.PriceTagMapper' mapperInterface
2024-08-21 17:05:07 [main] DEBUG o.m.s.mapper.ClassPathMapperScanner - Enabling autowire by type for MapperFactoryBean with name 'priceTagMapper'.
2024-08-21 17:05:07 [main] DEBUG o.m.s.mapper.ClassPathMapperScanner - Creating MapperFactoryBean with name 'priceTimeMapper' and 'com.zsc.wxapp.mapper.PriceTimeMapper' mapperInterface
2024-08-21 17:05:07 [main] DEBUG o.m.s.mapper.ClassPathMapperScanner - Enabling autowire by type for MapperFactoryBean with name 'priceTimeMapper'.
2024-08-21 17:05:07 [main] DEBUG o.m.s.mapper.ClassPathMapperScanner - Creating MapperFactoryBean with name 'userinfoMapper' and 'com.zsc.wxapp.mapper.UserinfoMapper' mapperInterface
2024-08-21 17:05:07 [main] DEBUG o.m.s.mapper.ClassPathMapperScanner - Enabling autowire by type for MapperFactoryBean with name 'userinfoMapper'.
2024-08-21 17:05:07 [main] INFO  o.s.cloud.context.scope.GenericScope - BeanFactory id=0b169cb4-4118-342d-a0c3-570d9eff222e
2024-08-21 17:05:08 [main] DEBUG o.m.spring.SqlSessionFactoryBean - Parsed mapper file: 'file [D:\superEngineering\Java\JLT_SpringBootV20240817\JLT_SpringBootV--0817kuang\JLT_SpringBoot\JLT\JLT-WXAPP\target\classes\mapper\AnnouncementMapper.xml]'
2024-08-21 17:05:08 [main] DEBUG o.m.spring.SqlSessionFactoryBean - Parsed mapper file: 'file [D:\superEngineering\Java\JLT_SpringBootV20240817\JLT_SpringBootV--0817kuang\JLT_SpringBoot\JLT\JLT-WXAPP\target\classes\mapper\CigaretteMapper.xml]'
2024-08-21 17:05:08 [main] DEBUG o.m.spring.SqlSessionFactoryBean - Parsed mapper file: 'file [D:\superEngineering\Java\JLT_SpringBootV20240817\JLT_SpringBootV--0817kuang\JLT_SpringBoot\JLT\JLT-WXAPP\target\classes\mapper\DailyquotesMapper.xml]'
2024-08-21 17:05:08 [main] DEBUG o.m.spring.SqlSessionFactoryBean - Parsed mapper file: 'file [D:\superEngineering\Java\JLT_SpringBootV20240817\JLT_SpringBootV--0817kuang\JLT_SpringBoot\JLT\JLT-WXAPP\target\classes\mapper\PicUrlMapper.xml]'
2024-08-21 17:05:08 [main] DEBUG o.m.spring.SqlSessionFactoryBean - Parsed mapper file: 'file [D:\superEngineering\Java\JLT_SpringBootV20240817\JLT_SpringBootV--0817kuang\JLT_SpringBoot\JLT\JLT-WXAPP\target\classes\mapper\PriceTagMapper.xml]'
2024-08-21 17:05:08 [main] DEBUG o.m.spring.SqlSessionFactoryBean - Parsed mapper file: 'file [D:\superEngineering\Java\JLT_SpringBootV20240817\JLT_SpringBootV--0817kuang\JLT_SpringBoot\JLT\JLT-WXAPP\target\classes\mapper\PriceTimeMapper.xml]'
2024-08-21 17:05:08 [main] DEBUG o.m.spring.SqlSessionFactoryBean - Parsed mapper file: 'file [D:\superEngineering\Java\JLT_SpringBootV20240817\JLT_SpringBootV--0817kuang\JLT_SpringBoot\JLT\JLT-WXAPP\target\classes\mapper\UserinfoMapper.xml]'
2024-08-21 17:05:09 [main] INFO  c.z.wxapp.config.WebMvcConfiguration - 注册自定义拦截器
2024-08-21 17:05:09 [main] DEBUG o.s.w.s.m.m.a.RequestMappingHandlerMapping - 35 mappings in 'requestMappingHandlerMapping'
2024-08-21 17:05:09 [main] INFO  c.z.wxapp.config.WebMvcConfiguration - 生成swagger接口文档
2024-08-21 17:05:09 [main] INFO  c.z.wxapp.config.WebMvcConfiguration - 开始设置消息转换器
2024-08-21 17:05:09 [main] INFO  c.z.wxapp.config.WebMvcConfiguration - 开始设置静态资源映射
2024-08-21 17:05:09 [main] DEBUG o.s.w.s.h.SimpleUrlHandlerMapping - Patterns [/doc.html, /webjars/**] in 'resourceHandlerMapping'
2024-08-21 17:05:09 [main] DEBUG o.s.w.s.m.m.a.RequestMappingHandlerAdapter - ControllerAdvice beans: 0 @ModelAttribute, 0 @InitBinder, 1 RequestBodyAdvice, 1 ResponseBodyAdvice
2024-08-21 17:05:09 [main] DEBUG o.s.w.s.m.m.a.ExceptionHandlerExceptionResolver - ControllerAdvice beans: 0 @ExceptionHandler, 1 ResponseBodyAdvice
2024-08-21 17:05:10 [main] WARN  s.d.s.r.o.OperationImplicitParameterReader - Unable to interpret the implicit parameter configuration with dataType: String, dataTypeClass: class java.lang.Void
2024-08-21 17:05:10 [main] INFO  c.z.j.JtlWxappApplicationTests - Started JtlWxappApplicationTests in 5.016 seconds (JVM running for 5.773)
2024-08-21 17:05:11 [SpringApplicationShutdownHook] DEBUG o.s.w.c.s.GenericWebApplicationContext - Closing org.springframework.web.context.support.GenericWebApplicationContext@295eaa7c, started on Wed Aug 21 17:05:06 CST 2024
2024-08-21 17:07:04 [main] WARN  o.s.b.t.j.DuplicateJsonObjectContextCustomizerFactory$DuplicateJsonObjectContextCustomizer - 

Found multiple occurrences of org.json.JSONObject on the class path:

	jar:file:/D:/superEngineering/Java/m2/com/vaadin/external/google/android-json/0.0.20131108.vaadin1/android-json-0.0.20131108.vaadin1.jar!/org/json/JSONObject.class
	jar:file:/D:/superEngineering/Java/m2/org/json/json/20210307/json-20210307.jar!/org/json/JSONObject.class

You may wish to exclude one of them to ensure predictable runtime behavior

2024-08-21 17:07:04 [main] INFO  c.z.j.JtlWxappApplicationTests - Starting JtlWxappApplicationTests using Java 1.8.0_411 on LQY with PID 7164 (started by 林祺耀 in D:\superEngineering\Java\JLT_SpringBootV20240817\JLT_SpringBootV--0817kuang\JLT_SpringBoot\JLT\JLT-WXAPP)
2024-08-21 17:07:04 [main] DEBUG c.z.j.JtlWxappApplicationTests - Running with Spring Boot v2.7.12, Spring v5.3.27
2024-08-21 17:07:04 [main] INFO  c.z.j.JtlWxappApplicationTests - The following 1 profile is active: "dev"
2024-08-21 17:07:04 [main] DEBUG o.s.w.c.s.GenericWebApplicationContext - Refreshing org.springframework.web.context.support.GenericWebApplicationContext@295eaa7c
2024-08-21 17:07:05 [main] DEBUG o.m.s.mapper.ClassPathMapperScanner - Identified candidate component class: file [D:\superEngineering\Java\JLT_SpringBootV20240817\JLT_SpringBootV--0817kuang\JLT_SpringBoot\JLT\JLT-WXAPP\target\classes\com\zsc\wxapp\mapper\AnnouncementMapper.class]
2024-08-21 17:07:05 [main] DEBUG o.m.s.mapper.ClassPathMapperScanner - Identified candidate component class: file [D:\superEngineering\Java\JLT_SpringBootV20240817\JLT_SpringBootV--0817kuang\JLT_SpringBoot\JLT\JLT-WXAPP\target\classes\com\zsc\wxapp\mapper\CigaretteMapper.class]
2024-08-21 17:07:05 [main] DEBUG o.m.s.mapper.ClassPathMapperScanner - Identified candidate component class: file [D:\superEngineering\Java\JLT_SpringBootV20240817\JLT_SpringBootV--0817kuang\JLT_SpringBoot\JLT\JLT-WXAPP\target\classes\com\zsc\wxapp\mapper\DailyquotesMapper.class]
2024-08-21 17:07:05 [main] DEBUG o.m.s.mapper.ClassPathMapperScanner - Identified candidate component class: file [D:\superEngineering\Java\JLT_SpringBootV20240817\JLT_SpringBootV--0817kuang\JLT_SpringBoot\JLT\JLT-WXAPP\target\classes\com\zsc\wxapp\mapper\PicUrlMapper.class]
2024-08-21 17:07:05 [main] DEBUG o.m.s.mapper.ClassPathMapperScanner - Identified candidate component class: file [D:\superEngineering\Java\JLT_SpringBootV20240817\JLT_SpringBootV--0817kuang\JLT_SpringBoot\JLT\JLT-WXAPP\target\classes\com\zsc\wxapp\mapper\PriceTag1Mapper.class]
2024-08-21 17:07:05 [main] DEBUG o.m.s.mapper.ClassPathMapperScanner - Identified candidate component class: file [D:\superEngineering\Java\JLT_SpringBootV20240817\JLT_SpringBootV--0817kuang\JLT_SpringBoot\JLT\JLT-WXAPP\target\classes\com\zsc\wxapp\mapper\PriceTagMapper.class]
2024-08-21 17:07:05 [main] DEBUG o.m.s.mapper.ClassPathMapperScanner - Identified candidate component class: file [D:\superEngineering\Java\JLT_SpringBootV20240817\JLT_SpringBootV--0817kuang\JLT_SpringBoot\JLT\JLT-WXAPP\target\classes\com\zsc\wxapp\mapper\PriceTimeMapper.class]
2024-08-21 17:07:05 [main] DEBUG o.m.s.mapper.ClassPathMapperScanner - Identified candidate component class: file [D:\superEngineering\Java\JLT_SpringBootV20240817\JLT_SpringBootV--0817kuang\JLT_SpringBoot\JLT\JLT-WXAPP\target\classes\com\zsc\wxapp\mapper\UserinfoMapper.class]
2024-08-21 17:07:05 [main] DEBUG o.m.s.mapper.ClassPathMapperScanner - Creating MapperFactoryBean with name 'announcementMapper' and 'com.zsc.wxapp.mapper.AnnouncementMapper' mapperInterface
2024-08-21 17:07:05 [main] DEBUG o.m.s.mapper.ClassPathMapperScanner - Enabling autowire by type for MapperFactoryBean with name 'announcementMapper'.
2024-08-21 17:07:05 [main] DEBUG o.m.s.mapper.ClassPathMapperScanner - Creating MapperFactoryBean with name 'cigaretteMapper' and 'com.zsc.wxapp.mapper.CigaretteMapper' mapperInterface
2024-08-21 17:07:05 [main] DEBUG o.m.s.mapper.ClassPathMapperScanner - Enabling autowire by type for MapperFactoryBean with name 'cigaretteMapper'.
2024-08-21 17:07:05 [main] DEBUG o.m.s.mapper.ClassPathMapperScanner - Creating MapperFactoryBean with name 'dailyquotesMapper' and 'com.zsc.wxapp.mapper.DailyquotesMapper' mapperInterface
2024-08-21 17:07:05 [main] DEBUG o.m.s.mapper.ClassPathMapperScanner - Enabling autowire by type for MapperFactoryBean with name 'dailyquotesMapper'.
2024-08-21 17:07:05 [main] DEBUG o.m.s.mapper.ClassPathMapperScanner - Creating MapperFactoryBean with name 'picUrlMapper' and 'com.zsc.wxapp.mapper.PicUrlMapper' mapperInterface
2024-08-21 17:07:05 [main] DEBUG o.m.s.mapper.ClassPathMapperScanner - Enabling autowire by type for MapperFactoryBean with name 'picUrlMapper'.
2024-08-21 17:07:05 [main] DEBUG o.m.s.mapper.ClassPathMapperScanner - Creating MapperFactoryBean with name 'priceTag1Mapper' and 'com.zsc.wxapp.mapper.PriceTag1Mapper' mapperInterface
2024-08-21 17:07:05 [main] DEBUG o.m.s.mapper.ClassPathMapperScanner - Enabling autowire by type for MapperFactoryBean with name 'priceTag1Mapper'.
2024-08-21 17:07:05 [main] DEBUG o.m.s.mapper.ClassPathMapperScanner - Creating MapperFactoryBean with name 'priceTagMapper' and 'com.zsc.wxapp.mapper.PriceTagMapper' mapperInterface
2024-08-21 17:07:05 [main] DEBUG o.m.s.mapper.ClassPathMapperScanner - Enabling autowire by type for MapperFactoryBean with name 'priceTagMapper'.
2024-08-21 17:07:05 [main] DEBUG o.m.s.mapper.ClassPathMapperScanner - Creating MapperFactoryBean with name 'priceTimeMapper' and 'com.zsc.wxapp.mapper.PriceTimeMapper' mapperInterface
2024-08-21 17:07:05 [main] DEBUG o.m.s.mapper.ClassPathMapperScanner - Enabling autowire by type for MapperFactoryBean with name 'priceTimeMapper'.
2024-08-21 17:07:05 [main] DEBUG o.m.s.mapper.ClassPathMapperScanner - Creating MapperFactoryBean with name 'userinfoMapper' and 'com.zsc.wxapp.mapper.UserinfoMapper' mapperInterface
2024-08-21 17:07:05 [main] DEBUG o.m.s.mapper.ClassPathMapperScanner - Enabling autowire by type for MapperFactoryBean with name 'userinfoMapper'.
2024-08-21 17:07:05 [main] INFO  o.s.cloud.context.scope.GenericScope - BeanFactory id=0b169cb4-4118-342d-a0c3-570d9eff222e
2024-08-21 17:07:06 [main] DEBUG o.m.spring.SqlSessionFactoryBean - Parsed mapper file: 'file [D:\superEngineering\Java\JLT_SpringBootV20240817\JLT_SpringBootV--0817kuang\JLT_SpringBoot\JLT\JLT-WXAPP\target\classes\mapper\AnnouncementMapper.xml]'
2024-08-21 17:07:06 [main] DEBUG o.m.spring.SqlSessionFactoryBean - Parsed mapper file: 'file [D:\superEngineering\Java\JLT_SpringBootV20240817\JLT_SpringBootV--0817kuang\JLT_SpringBoot\JLT\JLT-WXAPP\target\classes\mapper\CigaretteMapper.xml]'
2024-08-21 17:07:06 [main] DEBUG o.m.spring.SqlSessionFactoryBean - Parsed mapper file: 'file [D:\superEngineering\Java\JLT_SpringBootV20240817\JLT_SpringBootV--0817kuang\JLT_SpringBoot\JLT\JLT-WXAPP\target\classes\mapper\DailyquotesMapper.xml]'
2024-08-21 17:07:06 [main] DEBUG o.m.spring.SqlSessionFactoryBean - Parsed mapper file: 'file [D:\superEngineering\Java\JLT_SpringBootV20240817\JLT_SpringBootV--0817kuang\JLT_SpringBoot\JLT\JLT-WXAPP\target\classes\mapper\PicUrlMapper.xml]'
2024-08-21 17:07:06 [main] DEBUG o.m.spring.SqlSessionFactoryBean - Parsed mapper file: 'file [D:\superEngineering\Java\JLT_SpringBootV20240817\JLT_SpringBootV--0817kuang\JLT_SpringBoot\JLT\JLT-WXAPP\target\classes\mapper\PriceTagMapper.xml]'
2024-08-21 17:07:06 [main] DEBUG o.m.spring.SqlSessionFactoryBean - Parsed mapper file: 'file [D:\superEngineering\Java\JLT_SpringBootV20240817\JLT_SpringBootV--0817kuang\JLT_SpringBoot\JLT\JLT-WXAPP\target\classes\mapper\PriceTimeMapper.xml]'
2024-08-21 17:07:06 [main] DEBUG o.m.spring.SqlSessionFactoryBean - Parsed mapper file: 'file [D:\superEngineering\Java\JLT_SpringBootV20240817\JLT_SpringBootV--0817kuang\JLT_SpringBoot\JLT\JLT-WXAPP\target\classes\mapper\UserinfoMapper.xml]'
2024-08-21 17:07:07 [main] INFO  c.z.wxapp.config.WebMvcConfiguration - 注册自定义拦截器
2024-08-21 17:07:07 [main] DEBUG o.s.w.s.m.m.a.RequestMappingHandlerMapping - 35 mappings in 'requestMappingHandlerMapping'
2024-08-21 17:07:07 [main] INFO  c.z.wxapp.config.WebMvcConfiguration - 生成swagger接口文档
2024-08-21 17:07:07 [main] INFO  c.z.wxapp.config.WebMvcConfiguration - 开始设置消息转换器
2024-08-21 17:07:07 [main] INFO  c.z.wxapp.config.WebMvcConfiguration - 开始设置静态资源映射
2024-08-21 17:07:07 [main] DEBUG o.s.w.s.h.SimpleUrlHandlerMapping - Patterns [/doc.html, /webjars/**] in 'resourceHandlerMapping'
2024-08-21 17:07:07 [main] DEBUG o.s.w.s.m.m.a.RequestMappingHandlerAdapter - ControllerAdvice beans: 0 @ModelAttribute, 0 @InitBinder, 1 RequestBodyAdvice, 1 ResponseBodyAdvice
2024-08-21 17:07:07 [main] DEBUG o.s.w.s.m.m.a.ExceptionHandlerExceptionResolver - ControllerAdvice beans: 0 @ExceptionHandler, 1 ResponseBodyAdvice
2024-08-21 17:07:08 [main] WARN  s.d.s.r.o.OperationImplicitParameterReader - Unable to interpret the implicit parameter configuration with dataType: String, dataTypeClass: class java.lang.Void
2024-08-21 17:07:09 [main] INFO  c.z.j.JtlWxappApplicationTests - Started JtlWxappApplicationTests in 5.053 seconds (JVM running for 5.858)
2024-08-21 17:07:09 [SpringApplicationShutdownHook] DEBUG o.s.w.c.s.GenericWebApplicationContext - Closing org.springframework.web.context.support.GenericWebApplicationContext@295eaa7c, started on Wed Aug 21 17:07:04 CST 2024
